2018-05-10 22:36:58,657 [main] DEBUG [o.s.b.logging.ClasspathLoggingApplicationListener] ClasspathLoggingApplicationListener.java:52 - Application started with classpath: [file:/D:/Git/js/jeesite-web/target/surefire/surefirebooter3332942532909415682.jar]
2018-05-10 22:36:58,718 [main] INFO  [com.jeesite.test.InitCoreData] StartupInfoLogger.java:48 - Starting InitCoreData on DESKTOP-GC3SC3J with PID 20704 (started by Echo in D:\Git\js\jeesite-web)
2018-05-10 22:36:58,719 [main] DEBUG [com.jeesite.test.InitCoreData] StartupInfoLogger.java:51 - Running with Spring Boot v1.5.10.RELEASE, Spring v4.3.14.RELEASE
2018-05-10 22:36:58,720 [main] INFO  [com.jeesite.test.InitCoreData] SpringApplication.java:597 - The following profiles are active: test
2018-05-10 22:36:58,721 [main] DEBUG [org.springframework.boot.SpringApplication] SpringApplication.java:621 - Loading source class com.jeesite.modules.config.Application
2018-05-10 22:36:58,760 [main] DEBUG [o.s.b.context.config.ConfigFileApplicationListener] DeferredLog.java:172 - Activated profiles test
2018-05-10 22:36:58,762 [main] DEBUG [o.s.b.context.config.ConfigFileApplicationListener] DeferredLog.java:172 - Profiles already activated, '[default]' will not be applied
2018-05-10 22:36:58,763 [main] DEBUG [o.s.b.context.config.ConfigFileApplicationListener] DeferredLog.java:172 - Loaded config file 'file:/D:/Git/js/jeesite-web/src/main/webapp/WEB-INF/classes/config/application.yml' (classpath:/config/application.yml)
2018-05-10 22:36:58,763 [main] DEBUG [o.s.b.context.config.ConfigFileApplicationListener] DeferredLog.java:172 - Skipped (empty) config file 'file:/D:/Git/js/jeesite-web/src/main/webapp/WEB-INF/classes/config/application.yml' (classpath:/config/application.yml) for profile test
2018-05-10 22:36:58,878 [main] WARN  [o.s.w.context.support.GenericWebApplicationContext] AbstractApplicationContext.java:551 - Exception encountered during context initialization - cancelling refresh attempt: org.springframework.beans.factory.BeanDefinitionStoreException: Failed to read candidate component class: file [D:\Git\js\jeesite-web\src\main\webapp\WEB-INF\classes\com\jeesite\modules\test\entity\TestData.class]; nested exception is java.lang.NoClassDefFoundError: Could not initialize class com.jeesite.common.mybatis.annotation.JoinTable$Type
2018-05-10 22:36:59,098 [main] DEBUG [o.s.b.logging.ClasspathLoggingApplicationListener] ClasspathLoggingApplicationListener.java:55 - Application failed to start with classpath: [file:/D:/Git/js/jeesite-web/target/surefire/surefirebooter3332942532909415682.jar]
2018-05-10 22:36:59,105 [main] ERROR [org.springframework.boot.SpringApplication] SpringApplication.java:771 - Application startup failed
org.springframework.beans.factory.BeanDefinitionStoreException: Failed to read candidate component class: file [D:\Git\js\jeesite-web\src\main\webapp\WEB-INF\classes\com\jeesite\modules\test\entity\TestData.class]; nested exception is java.lang.NoClassDefFoundError: Could not initialize class com.jeesite.common.mybatis.annotation.JoinTable$Type
	at org.springframework.context.annotation.ClassPathScanningCandidateComponentProvider.findCandidateComponents(ClassPathScanningCandidateComponentProvider.java:311)
	at org.springframework.context.annotation.ClassPathBeanDefinitionScanner.doScan(ClassPathBeanDefinitionScanner.java:272)
	at org.springframework.context.annotation.ComponentScanAnnotationParser.parse(ComponentScanAnnotationParser.java:135)
	at org.springframework.context.annotation.ConfigurationClassParser.doProcessConfigurationClass(ConfigurationClassParser.java:287)
	at org.springframework.context.annotation.ConfigurationClassParser.processConfigurationClass(ConfigurationClassParser.java:245)
	at org.springframework.context.annotation.ConfigurationClassParser.parse(ConfigurationClassParser.java:198)
	at org.springframework.context.annotation.ConfigurationClassParser.parse(ConfigurationClassParser.java:167)
	at org.springframework.context.annotation.ConfigurationClassPostProcessor.processConfigBeanDefinitions(ConfigurationClassPostProcessor.java:308)
	at org.springframework.context.annotation.ConfigurationClassPostProcessor.postProcessBeanDefinitionRegistry(ConfigurationClassPostProcessor.java:228)
	at org.springframework.context.support.PostProcessorRegistrationDelegate.invokeBeanDefinitionRegistryPostProcessors(PostProcessorRegistrationDelegate.java:272)
	at org.springframework.context.support.PostProcessorRegistrationDelegate.invokeBeanFactoryPostProcessors(PostProcessorRegistrationDelegate.java:92)
	at org.springframework.context.support.AbstractApplicationContext.invokeBeanFactoryPostProcessors(AbstractApplicationContext.java:687)
	at org.springframework.context.support.AbstractApplicationContext.refresh(AbstractApplicationContext.java:525)
	at org.springframework.boot.SpringApplication.refresh(SpringApplication.java:693)
	at org.springframework.boot.SpringApplication.refreshContext(SpringApplication.java:360)
	at org.springframework.boot.SpringApplication.run(SpringApplication.java:303)
	at org.springframework.boot.test.context.SpringBootContextLoader.loadContext(SpringBootContextLoader.java:120)
	at org.springframework.test.context.cache.DefaultCacheAwareContextLoaderDelegate.loadContextInternal(DefaultCacheAwareContextLoaderDelegate.java:98)
	at org.springframework.test.context.cache.DefaultCacheAwareContextLoaderDelegate.loadContext(DefaultCacheAwareContextLoaderDelegate.java:116)
	at org.springframework.test.context.support.DefaultTestContext.getApplicationContext(DefaultTestContext.java:83)
	at org.springframework.test.context.web.ServletTestExecutionListener.setUpRequestContextIfNecessary(ServletTestExecutionListener.java:189)
	at org.springframework.test.context.web.ServletTestExecutionListener.prepareTestInstance(ServletTestExecutionListener.java:131)
	at org.springframework.test.context.TestContextManager.prepareTestInstance(TestContextManager.java:230)
	at org.springframework.test.context.junit4.SpringJUnit4ClassRunner.createTest(SpringJUnit4ClassRunner.java:228)
	at org.springframework.test.context.junit4.SpringJUnit4ClassRunner$1.runReflectiveCall(SpringJUnit4ClassRunner.java:287)
	at org.junit.internal.runners.model.ReflectiveCallable.run(ReflectiveCallable.java:12)
	at org.springframework.test.context.junit4.SpringJUnit4ClassRunner.methodBlock(SpringJUnit4ClassRunner.java:289)
	at org.springframework.test.context.junit4.SpringJUnit4ClassRunner.runChild(SpringJUnit4ClassRunner.java:247)
	at org.springframework.test.context.junit4.SpringJUnit4ClassRunner.runChild(SpringJUnit4ClassRunner.java:94)
	at org.junit.runners.ParentRunner$3.run(ParentRunner.java:290)
	at org.junit.runners.ParentRunner$1.schedule(ParentRunner.java:71)
	at org.junit.runners.ParentRunner.runChildren(ParentRunner.java:288)
	at org.junit.runners.ParentRunner.access$000(ParentRunner.java:58)
	at org.junit.runners.ParentRunner$2.evaluate(ParentRunner.java:268)
	at org.springframework.test.context.junit4.statements.RunBeforeTestClassCallbacks.evaluate(RunBeforeTestClassCallbacks.java:61)
	at org.springframework.test.context.junit4.statements.RunAfterTestClassCallbacks.evaluate(RunAfterTestClassCallbacks.java:70)
	at org.junit.runners.ParentRunner.run(ParentRunner.java:363)
	at org.springframework.test.context.junit4.SpringJUnit4ClassRunner.run(SpringJUnit4ClassRunner.java:191)
	at org.apache.maven.surefire.junit4.JUnit4Provider.execute(JUnit4Provider.java:283)
	at org.apache.maven.surefire.junit4.JUnit4Provider.executeWithRerun(JUnit4Provider.java:173)
	at org.apache.maven.surefire.junit4.JUnit4Provider.executeTestSet(JUnit4Provider.java:153)
	at org.apache.maven.surefire.junit4.JUnit4Provider.invoke(JUnit4Provider.java:128)
	at org.apache.maven.surefire.booter.ForkedBooter.invokeProviderInSameClassLoader(ForkedBooter.java:203)
	at org.apache.maven.surefire.booter.ForkedBooter.runSuitesInProcess(ForkedBooter.java:155)
	at org.apache.maven.surefire.booter.ForkedBooter.main(ForkedBooter.java:103)
Caused by: java.lang.NoClassDefFoundError: Could not initialize class com.jeesite.common.mybatis.annotation.JoinTable$Type
	at sun.reflect.NativeMethodAccessorImpl.invoke0(Native Method)
	at sun.reflect.NativeMethodAccessorImpl.invoke(NativeMethodAccessorImpl.java:62)
	at sun.reflect.DelegatingMethodAccessorImpl.invoke(DelegatingMethodAccessorImpl.java:43)
	at java.lang.reflect.Method.invoke(Method.java:498)
	at java.lang.Class.getEnumConstantsShared(Class.java:3320)
	at java.lang.Class.enumConstantDirectory(Class.java:3341)
	at java.lang.Enum.valueOf(Enum.java:232)
	at sun.reflect.annotation.AnnotationParser.parseEnumValue(AnnotationParser.java:483)
	at sun.reflect.annotation.AnnotationParser.parseMemberValue(AnnotationParser.java:347)
	at java.lang.reflect.Method.getDefaultValue(Method.java:606)
	at org.springframework.core.annotation.AnnotationUtils.registerDefaultValues(AnnotationUtils.java:1178)
	at org.springframework.core.type.classreading.RecursiveAnnotationAttributesVisitor.visitEnd(RecursiveAnnotationAttributesVisitor.java:42)
	at org.springframework.asm.ClassReader.readAnnotationValues(ClassReader.java:2020)
	at org.springframework.asm.ClassReader.readAnnotationValue(ClassReader.java:2095)
	at org.springframework.asm.ClassReader.readAnnotationValues(ClassReader.java:2016)
	at org.springframework.asm.ClassReader.readAnnotationValue(ClassReader.java:2181)
	at org.springframework.asm.ClassReader.readAnnotationValues(ClassReader.java:2012)
	at org.springframework.asm.ClassReader.accept(ClassReader.java:676)
	at org.springframework.asm.ClassReader.accept(ClassReader.java:527)
	at org.springframework.core.type.classreading.SimpleMetadataReader.<init>(SimpleMetadataReader.java:64)
	at org.springframework.core.type.classreading.SimpleMetadataReaderFactory.getMetadataReader(SimpleMetadataReaderFactory.java:102)
	at org.springframework.core.type.classreading.CachingMetadataReaderFactory.getMetadataReader(CachingMetadataReaderFactory.java:102)
	at org.springframework.context.annotation.ClassPathScanningCandidateComponentProvider.findCandidateComponents(ClassPathScanningCandidateComponentProvider.java:287)
	... 44 common frames omitted
2018-05-10 22:36:59,107 [main] ERROR [o.springframework.test.context.TestContextManager] TestContextManager.java:234 - Caught exception while allowing TestExecutionListener [org.springframework.test.context.web.ServletTestExecutionListener@3abada5a] to prepare test instance [com.jeesite.test.InitCoreData@66c61024]
java.lang.IllegalStateException: Failed to load ApplicationContext
	at org.springframework.test.context.cache.DefaultCacheAwareContextLoaderDelegate.loadContext(DefaultCacheAwareContextLoaderDelegate.java:124)
	at org.springframework.test.context.support.DefaultTestContext.getApplicationContext(DefaultTestContext.java:83)
	at org.springframework.test.context.web.ServletTestExecutionListener.setUpRequestContextIfNecessary(ServletTestExecutionListener.java:189)
	at org.springframework.test.context.web.ServletTestExecutionListener.prepareTestInstance(ServletTestExecutionListener.java:131)
	at org.springframework.test.context.TestContextManager.prepareTestInstance(TestContextManager.java:230)
	at org.springframework.test.context.junit4.SpringJUnit4ClassRunner.createTest(SpringJUnit4ClassRunner.java:228)
	at org.springframework.test.context.junit4.SpringJUnit4ClassRunner$1.runReflectiveCall(SpringJUnit4ClassRunner.java:287)
	at org.junit.internal.runners.model.ReflectiveCallable.run(ReflectiveCallable.java:12)
	at org.springframework.test.context.junit4.SpringJUnit4ClassRunner.methodBlock(SpringJUnit4ClassRunner.java:289)
	at org.springframework.test.context.junit4.SpringJUnit4ClassRunner.runChild(SpringJUnit4ClassRunner.java:247)
	at org.springframework.test.context.junit4.SpringJUnit4ClassRunner.runChild(SpringJUnit4ClassRunner.java:94)
	at org.junit.runners.ParentRunner$3.run(ParentRunner.java:290)
	at org.junit.runners.ParentRunner$1.schedule(ParentRunner.java:71)
	at org.junit.runners.ParentRunner.runChildren(ParentRunner.java:288)
	at org.junit.runners.ParentRunner.access$000(ParentRunner.java:58)
	at org.junit.runners.ParentRunner$2.evaluate(ParentRunner.java:268)
	at org.springframework.test.context.junit4.statements.RunBeforeTestClassCallbacks.evaluate(RunBeforeTestClassCallbacks.java:61)
	at org.springframework.test.context.junit4.statements.RunAfterTestClassCallbacks.evaluate(RunAfterTestClassCallbacks.java:70)
	at org.junit.runners.ParentRunner.run(ParentRunner.java:363)
	at org.springframework.test.context.junit4.SpringJUnit4ClassRunner.run(SpringJUnit4ClassRunner.java:191)
	at org.apache.maven.surefire.junit4.JUnit4Provider.execute(JUnit4Provider.java:283)
	at org.apache.maven.surefire.junit4.JUnit4Provider.executeWithRerun(JUnit4Provider.java:173)
	at org.apache.maven.surefire.junit4.JUnit4Provider.executeTestSet(JUnit4Provider.java:153)
	at org.apache.maven.surefire.junit4.JUnit4Provider.invoke(JUnit4Provider.java:128)
	at org.apache.maven.surefire.booter.ForkedBooter.invokeProviderInSameClassLoader(ForkedBooter.java:203)
	at org.apache.maven.surefire.booter.ForkedBooter.runSuitesInProcess(ForkedBooter.java:155)
	at org.apache.maven.surefire.booter.ForkedBooter.main(ForkedBooter.java:103)
Caused by: org.springframework.beans.factory.BeanDefinitionStoreException: Failed to read candidate component class: file [D:\Git\js\jeesite-web\src\main\webapp\WEB-INF\classes\com\jeesite\modules\test\entity\TestData.class]; nested exception is java.lang.NoClassDefFoundError: Could not initialize class com.jeesite.common.mybatis.annotation.JoinTable$Type
	at org.springframework.context.annotation.ClassPathScanningCandidateComponentProvider.findCandidateComponents(ClassPathScanningCandidateComponentProvider.java:311)
	at org.springframework.context.annotation.ClassPathBeanDefinitionScanner.doScan(ClassPathBeanDefinitionScanner.java:272)
	at org.springframework.context.annotation.ComponentScanAnnotationParser.parse(ComponentScanAnnotationParser.java:135)
	at org.springframework.context.annotation.ConfigurationClassParser.doProcessConfigurationClass(ConfigurationClassParser.java:287)
	at org.springframework.context.annotation.ConfigurationClassParser.processConfigurationClass(ConfigurationClassParser.java:245)
	at org.springframework.context.annotation.ConfigurationClassParser.parse(ConfigurationClassParser.java:198)
	at org.springframework.context.annotation.ConfigurationClassParser.parse(ConfigurationClassParser.java:167)
	at org.springframework.context.annotation.ConfigurationClassPostProcessor.processConfigBeanDefinitions(ConfigurationClassPostProcessor.java:308)
	at org.springframework.context.annotation.ConfigurationClassPostProcessor.postProcessBeanDefinitionRegistry(ConfigurationClassPostProcessor.java:228)
	at org.springframework.context.support.PostProcessorRegistrationDelegate.invokeBeanDefinitionRegistryPostProcessors(PostProcessorRegistrationDelegate.java:272)
	at org.springframework.context.support.PostProcessorRegistrationDelegate.invokeBeanFactoryPostProcessors(PostProcessorRegistrationDelegate.java:92)
	at org.springframework.context.support.AbstractApplicationContext.invokeBeanFactoryPostProcessors(AbstractApplicationContext.java:687)
	at org.springframework.context.support.AbstractApplicationContext.refresh(AbstractApplicationContext.java:525)
	at org.springframework.boot.SpringApplication.refresh(SpringApplication.java:693)
	at org.springframework.boot.SpringApplication.refreshContext(SpringApplication.java:360)
	at org.springframework.boot.SpringApplication.run(SpringApplication.java:303)
	at org.springframework.boot.test.context.SpringBootContextLoader.loadContext(SpringBootContextLoader.java:120)
	at org.springframework.test.context.cache.DefaultCacheAwareContextLoaderDelegate.loadContextInternal(DefaultCacheAwareContextLoaderDelegate.java:98)
	at org.springframework.test.context.cache.DefaultCacheAwareContextLoaderDelegate.loadContext(DefaultCacheAwareContextLoaderDelegate.java:116)
	... 26 common frames omitted
Caused by: java.lang.NoClassDefFoundError: Could not initialize class com.jeesite.common.mybatis.annotation.JoinTable$Type
	at sun.reflect.NativeMethodAccessorImpl.invoke0(Native Method)
	at sun.reflect.NativeMethodAccessorImpl.invoke(NativeMethodAccessorImpl.java:62)
	at sun.reflect.DelegatingMethodAccessorImpl.invoke(DelegatingMethodAccessorImpl.java:43)
	at java.lang.reflect.Method.invoke(Method.java:498)
	at java.lang.Class.getEnumConstantsShared(Class.java:3320)
	at java.lang.Class.enumConstantDirectory(Class.java:3341)
	at java.lang.Enum.valueOf(Enum.java:232)
	at sun.reflect.annotation.AnnotationParser.parseEnumValue(AnnotationParser.java:483)
	at sun.reflect.annotation.AnnotationParser.parseMemberValue(AnnotationParser.java:347)
	at java.lang.reflect.Method.getDefaultValue(Method.java:606)
	at org.springframework.core.annotation.AnnotationUtils.registerDefaultValues(AnnotationUtils.java:1178)
	at org.springframework.core.type.classreading.RecursiveAnnotationAttributesVisitor.visitEnd(RecursiveAnnotationAttributesVisitor.java:42)
	at org.springframework.asm.ClassReader.readAnnotationValues(ClassReader.java:2020)
	at org.springframework.asm.ClassReader.readAnnotationValue(ClassReader.java:2095)
	at org.springframework.asm.ClassReader.readAnnotationValues(ClassReader.java:2016)
	at org.springframework.asm.ClassReader.readAnnotationValue(ClassReader.java:2181)
	at org.springframework.asm.ClassReader.readAnnotationValues(ClassReader.java:2012)
	at org.springframework.asm.ClassReader.accept(ClassReader.java:676)
	at org.springframework.asm.ClassReader.accept(ClassReader.java:527)
	at org.springframework.core.type.classreading.SimpleMetadataReader.<init>(SimpleMetadataReader.java:64)
	at org.springframework.core.type.classreading.SimpleMetadataReaderFactory.getMetadataReader(SimpleMetadataReaderFactory.java:102)
	at org.springframework.core.type.classreading.CachingMetadataReaderFactory.getMetadataReader(CachingMetadataReaderFactory.java:102)
	at org.springframework.context.annotation.ClassPathScanningCandidateComponentProvider.findCandidateComponents(ClassPathScanningCandidateComponentProvider.java:287)
	... 44 common frames omitted
2018-05-10 22:36:59,123 [main] INFO  [o.s.b.t.context.SpringBootTestContextBootstrapper] AbstractTestContextBootstrapper.java:307 - Neither @ContextConfiguration nor @ContextHierarchy found for test class [com.jeesite.test.InitGenData], using SpringBootContextLoader
2018-05-10 22:36:59,128 [main] INFO  [o.s.b.t.context.SpringBootTestContextBootstrapper] AbstractTestContextBootstrapper.java:174 - Using TestExecutionListeners: [org.springframework.test.context.web.ServletTestExecutionListener@77128536, org.springframework.test.context.support.DirtiesContextBeforeModesTestExecutionListener@58326051, org.springframework.test.context.support.DependencyInjectionTestExecutionListener@32c4e8b2, org.springframework.test.context.support.DirtiesContextTestExecutionListener@64bce832, org.springframework.test.context.transaction.TransactionalTestExecutionListener@764faa6, org.springframework.test.context.jdbc.SqlScriptsTestExecutionListener@4c1f22f3]
2018-05-10 22:36:59,210 [main] DEBUG [o.s.b.logging.ClasspathLoggingApplicationListener] ClasspathLoggingApplicationListener.java:52 - Application started with classpath: [file:/D:/Git/js/jeesite-web/target/surefire/surefirebooter3332942532909415682.jar]
2018-05-10 22:36:59,217 [main] INFO  [com.jeesite.test.InitGenData] StartupInfoLogger.java:48 - Starting InitGenData on DESKTOP-GC3SC3J with PID 20704 (started by Echo in D:\Git\js\jeesite-web)
2018-05-10 22:36:59,217 [main] DEBUG [com.jeesite.test.InitGenData] StartupInfoLogger.java:51 - Running with Spring Boot v1.5.10.RELEASE, Spring v4.3.14.RELEASE
2018-05-10 22:36:59,218 [main] INFO  [com.jeesite.test.InitGenData] SpringApplication.java:597 - The following profiles are active: test
2018-05-10 22:36:59,218 [main] DEBUG [org.springframework.boot.SpringApplication] SpringApplication.java:621 - Loading source class com.jeesite.modules.config.Application
2018-05-10 22:36:59,221 [main] DEBUG [o.s.b.context.config.ConfigFileApplicationListener] DeferredLog.java:172 - Activated profiles test
2018-05-10 22:36:59,221 [main] DEBUG [o.s.b.context.config.ConfigFileApplicationListener] DeferredLog.java:172 - Profiles already activated, '[default]' will not be applied
2018-05-10 22:36:59,221 [main] DEBUG [o.s.b.context.config.ConfigFileApplicationListener] DeferredLog.java:172 - Loaded config file 'file:/D:/Git/js/jeesite-web/src/main/webapp/WEB-INF/classes/config/application.yml' (classpath:/config/application.yml)
2018-05-10 22:36:59,222 [main] DEBUG [o.s.b.context.config.ConfigFileApplicationListener] DeferredLog.java:172 - Skipped (empty) config file 'file:/D:/Git/js/jeesite-web/src/main/webapp/WEB-INF/classes/config/application.yml' (classpath:/config/application.yml) for profile test
2018-05-10 22:36:59,246 [main] WARN  [o.s.w.context.support.GenericWebApplicationContext] AbstractApplicationContext.java:551 - Exception encountered during context initialization - cancelling refresh attempt: org.springframework.beans.factory.BeanDefinitionStoreException: Failed to read candidate component class: file [D:\Git\js\jeesite-web\src\main\webapp\WEB-INF\classes\com\jeesite\modules\test\entity\TestData.class]; nested exception is java.lang.NoClassDefFoundError: Could not initialize class com.jeesite.common.mybatis.annotation.JoinTable$Type
2018-05-10 22:36:59,247 [main] DEBUG [o.s.b.logging.ClasspathLoggingApplicationListener] ClasspathLoggingApplicationListener.java:55 - Application failed to start with classpath: [file:/D:/Git/js/jeesite-web/target/surefire/surefirebooter3332942532909415682.jar]
2018-05-10 22:36:59,251 [main] ERROR [org.springframework.boot.SpringApplication] SpringApplication.java:771 - Application startup failed
org.springframework.beans.factory.BeanDefinitionStoreException: Failed to read candidate component class: file [D:\Git\js\jeesite-web\src\main\webapp\WEB-INF\classes\com\jeesite\modules\test\entity\TestData.class]; nested exception is java.lang.NoClassDefFoundError: Could not initialize class com.jeesite.common.mybatis.annotation.JoinTable$Type
	at org.springframework.context.annotation.ClassPathScanningCandidateComponentProvider.findCandidateComponents(ClassPathScanningCandidateComponentProvider.java:311)
	at org.springframework.context.annotation.ClassPathBeanDefinitionScanner.doScan(ClassPathBeanDefinitionScanner.java:272)
	at org.springframework.context.annotation.ComponentScanAnnotationParser.parse(ComponentScanAnnotationParser.java:135)
	at org.springframework.context.annotation.ConfigurationClassParser.doProcessConfigurationClass(ConfigurationClassParser.java:287)
	at org.springframework.context.annotation.ConfigurationClassParser.processConfigurationClass(ConfigurationClassParser.java:245)
	at org.springframework.context.annotation.ConfigurationClassParser.parse(ConfigurationClassParser.java:198)
	at org.springframework.context.annotation.ConfigurationClassParser.parse(ConfigurationClassParser.java:167)
	at org.springframework.context.annotation.ConfigurationClassPostProcessor.processConfigBeanDefinitions(ConfigurationClassPostProcessor.java:308)
	at org.springframework.context.annotation.ConfigurationClassPostProcessor.postProcessBeanDefinitionRegistry(ConfigurationClassPostProcessor.java:228)
	at org.springframework.context.support.PostProcessorRegistrationDelegate.invokeBeanDefinitionRegistryPostProcessors(PostProcessorRegistrationDelegate.java:272)
	at org.springframework.context.support.PostProcessorRegistrationDelegate.invokeBeanFactoryPostProcessors(PostProcessorRegistrationDelegate.java:92)
	at org.springframework.context.support.AbstractApplicationContext.invokeBeanFactoryPostProcessors(AbstractApplicationContext.java:687)
	at org.springframework.context.support.AbstractApplicationContext.refresh(AbstractApplicationContext.java:525)
	at org.springframework.boot.SpringApplication.refresh(SpringApplication.java:693)
	at org.springframework.boot.SpringApplication.refreshContext(SpringApplication.java:360)
	at org.springframework.boot.SpringApplication.run(SpringApplication.java:303)
	at org.springframework.boot.test.context.SpringBootContextLoader.loadContext(SpringBootContextLoader.java:120)
	at org.springframework.test.context.cache.DefaultCacheAwareContextLoaderDelegate.loadContextInternal(DefaultCacheAwareContextLoaderDelegate.java:98)
	at org.springframework.test.context.cache.DefaultCacheAwareContextLoaderDelegate.loadContext(DefaultCacheAwareContextLoaderDelegate.java:116)
	at org.springframework.test.context.support.DefaultTestContext.getApplicationContext(DefaultTestContext.java:83)
	at org.springframework.test.context.web.ServletTestExecutionListener.setUpRequestContextIfNecessary(ServletTestExecutionListener.java:189)
	at org.springframework.test.context.web.ServletTestExecutionListener.prepareTestInstance(ServletTestExecutionListener.java:131)
	at org.springframework.test.context.TestContextManager.prepareTestInstance(TestContextManager.java:230)
	at org.springframework.test.context.junit4.SpringJUnit4ClassRunner.createTest(SpringJUnit4ClassRunner.java:228)
	at org.springframework.test.context.junit4.SpringJUnit4ClassRunner$1.runReflectiveCall(SpringJUnit4ClassRunner.java:287)
	at org.junit.internal.runners.model.ReflectiveCallable.run(ReflectiveCallable.java:12)
	at org.springframework.test.context.junit4.SpringJUnit4ClassRunner.methodBlock(SpringJUnit4ClassRunner.java:289)
	at org.springframework.test.context.junit4.SpringJUnit4ClassRunner.runChild(SpringJUnit4ClassRunner.java:247)
	at org.springframework.test.context.junit4.SpringJUnit4ClassRunner.runChild(SpringJUnit4ClassRunner.java:94)
	at org.junit.runners.ParentRunner$3.run(ParentRunner.java:290)
	at org.junit.runners.ParentRunner$1.schedule(ParentRunner.java:71)
	at org.junit.runners.ParentRunner.runChildren(ParentRunner.java:288)
	at org.junit.runners.ParentRunner.access$000(ParentRunner.java:58)
	at org.junit.runners.ParentRunner$2.evaluate(ParentRunner.java:268)
	at org.springframework.test.context.junit4.statements.RunBeforeTestClassCallbacks.evaluate(RunBeforeTestClassCallbacks.java:61)
	at org.springframework.test.context.junit4.statements.RunAfterTestClassCallbacks.evaluate(RunAfterTestClassCallbacks.java:70)
	at org.junit.runners.ParentRunner.run(ParentRunner.java:363)
	at org.springframework.test.context.junit4.SpringJUnit4ClassRunner.run(SpringJUnit4ClassRunner.java:191)
	at org.apache.maven.surefire.junit4.JUnit4Provider.execute(JUnit4Provider.java:283)
	at org.apache.maven.surefire.junit4.JUnit4Provider.executeWithRerun(JUnit4Provider.java:173)
	at org.apache.maven.surefire.junit4.JUnit4Provider.executeTestSet(JUnit4Provider.java:153)
	at org.apache.maven.surefire.junit4.JUnit4Provider.invoke(JUnit4Provider.java:128)
	at org.apache.maven.surefire.booter.ForkedBooter.invokeProviderInSameClassLoader(ForkedBooter.java:203)
	at org.apache.maven.surefire.booter.ForkedBooter.runSuitesInProcess(ForkedBooter.java:155)
	at org.apache.maven.surefire.booter.ForkedBooter.main(ForkedBooter.java:103)
Caused by: java.lang.NoClassDefFoundError: Could not initialize class com.jeesite.common.mybatis.annotation.JoinTable$Type
	at sun.reflect.NativeMethodAccessorImpl.invoke0(Native Method)
	at sun.reflect.NativeMethodAccessorImpl.invoke(NativeMethodAccessorImpl.java:62)
	at sun.reflect.DelegatingMethodAccessorImpl.invoke(DelegatingMethodAccessorImpl.java:43)
	at java.lang.reflect.Method.invoke(Method.java:498)
	at java.lang.Class.getEnumConstantsShared(Class.java:3320)
	at java.lang.Class.enumConstantDirectory(Class.java:3341)
	at java.lang.Enum.valueOf(Enum.java:232)
	at sun.reflect.annotation.AnnotationParser.parseEnumValue(AnnotationParser.java:483)
	at sun.reflect.annotation.AnnotationParser.parseMemberValue(AnnotationParser.java:347)
	at java.lang.reflect.Method.getDefaultValue(Method.java:606)
	at org.springframework.core.annotation.AnnotationUtils.registerDefaultValues(AnnotationUtils.java:1178)
	at org.springframework.core.type.classreading.RecursiveAnnotationAttributesVisitor.visitEnd(RecursiveAnnotationAttributesVisitor.java:42)
	at org.springframework.asm.ClassReader.readAnnotationValues(ClassReader.java:2020)
	at org.springframework.asm.ClassReader.readAnnotationValue(ClassReader.java:2095)
	at org.springframework.asm.ClassReader.readAnnotationValues(ClassReader.java:2016)
	at org.springframework.asm.ClassReader.readAnnotationValue(ClassReader.java:2181)
	at org.springframework.asm.ClassReader.readAnnotationValues(ClassReader.java:2012)
	at org.springframework.asm.ClassReader.accept(ClassReader.java:676)
	at org.springframework.asm.ClassReader.accept(ClassReader.java:527)
	at org.springframework.core.type.classreading.SimpleMetadataReader.<init>(SimpleMetadataReader.java:64)
	at org.springframework.core.type.classreading.SimpleMetadataReaderFactory.getMetadataReader(SimpleMetadataReaderFactory.java:102)
	at org.springframework.core.type.classreading.CachingMetadataReaderFactory.getMetadataReader(CachingMetadataReaderFactory.java:102)
	at org.springframework.context.annotation.ClassPathScanningCandidateComponentProvider.findCandidateComponents(ClassPathScanningCandidateComponentProvider.java:287)
	... 44 common frames omitted
2018-05-10 22:36:59,252 [main] ERROR [o.springframework.test.context.TestContextManager] TestContextManager.java:234 - Caught exception while allowing TestExecutionListener [org.springframework.test.context.web.ServletTestExecutionListener@77128536] to prepare test instance [com.jeesite.test.InitGenData@6ad3381f]
java.lang.IllegalStateException: Failed to load ApplicationContext
	at org.springframework.test.context.cache.DefaultCacheAwareContextLoaderDelegate.loadContext(DefaultCacheAwareContextLoaderDelegate.java:124)
	at org.springframework.test.context.support.DefaultTestContext.getApplicationContext(DefaultTestContext.java:83)
	at org.springframework.test.context.web.ServletTestExecutionListener.setUpRequestContextIfNecessary(ServletTestExecutionListener.java:189)
	at org.springframework.test.context.web.ServletTestExecutionListener.prepareTestInstance(ServletTestExecutionListener.java:131)
	at org.springframework.test.context.TestContextManager.prepareTestInstance(TestContextManager.java:230)
	at org.springframework.test.context.junit4.SpringJUnit4ClassRunner.createTest(SpringJUnit4ClassRunner.java:228)
	at org.springframework.test.context.junit4.SpringJUnit4ClassRunner$1.runReflectiveCall(SpringJUnit4ClassRunner.java:287)
	at org.junit.internal.runners.model.ReflectiveCallable.run(ReflectiveCallable.java:12)
	at org.springframework.test.context.junit4.SpringJUnit4ClassRunner.methodBlock(SpringJUnit4ClassRunner.java:289)
	at org.springframework.test.context.junit4.SpringJUnit4ClassRunner.runChild(SpringJUnit4ClassRunner.java:247)
	at org.springframework.test.context.junit4.SpringJUnit4ClassRunner.runChild(SpringJUnit4ClassRunner.java:94)
	at org.junit.runners.ParentRunner$3.run(ParentRunner.java:290)
	at org.junit.runners.ParentRunner$1.schedule(ParentRunner.java:71)
	at org.junit.runners.ParentRunner.runChildren(ParentRunner.java:288)
	at org.junit.runners.ParentRunner.access$000(ParentRunner.java:58)
	at org.junit.runners.ParentRunner$2.evaluate(ParentRunner.java:268)
	at org.springframework.test.context.junit4.statements.RunBeforeTestClassCallbacks.evaluate(RunBeforeTestClassCallbacks.java:61)
	at org.springframework.test.context.junit4.statements.RunAfterTestClassCallbacks.evaluate(RunAfterTestClassCallbacks.java:70)
	at org.junit.runners.ParentRunner.run(ParentRunner.java:363)
	at org.springframework.test.context.junit4.SpringJUnit4ClassRunner.run(SpringJUnit4ClassRunner.java:191)
	at org.apache.maven.surefire.junit4.JUnit4Provider.execute(JUnit4Provider.java:283)
	at org.apache.maven.surefire.junit4.JUnit4Provider.executeWithRerun(JUnit4Provider.java:173)
	at org.apache.maven.surefire.junit4.JUnit4Provider.executeTestSet(JUnit4Provider.java:153)
	at org.apache.maven.surefire.junit4.JUnit4Provider.invoke(JUnit4Provider.java:128)
	at org.apache.maven.surefire.booter.ForkedBooter.invokeProviderInSameClassLoader(ForkedBooter.java:203)
	at org.apache.maven.surefire.booter.ForkedBooter.runSuitesInProcess(ForkedBooter.java:155)
	at org.apache.maven.surefire.booter.ForkedBooter.main(ForkedBooter.java:103)
Caused by: org.springframework.beans.factory.BeanDefinitionStoreException: Failed to read candidate component class: file [D:\Git\js\jeesite-web\src\main\webapp\WEB-INF\classes\com\jeesite\modules\test\entity\TestData.class]; nested exception is java.lang.NoClassDefFoundError: Could not initialize class com.jeesite.common.mybatis.annotation.JoinTable$Type
	at org.springframework.context.annotation.ClassPathScanningCandidateComponentProvider.findCandidateComponents(ClassPathScanningCandidateComponentProvider.java:311)
	at org.springframework.context.annotation.ClassPathBeanDefinitionScanner.doScan(ClassPathBeanDefinitionScanner.java:272)
	at org.springframework.context.annotation.ComponentScanAnnotationParser.parse(ComponentScanAnnotationParser.java:135)
	at org.springframework.context.annotation.ConfigurationClassParser.doProcessConfigurationClass(ConfigurationClassParser.java:287)
	at org.springframework.context.annotation.ConfigurationClassParser.processConfigurationClass(ConfigurationClassParser.java:245)
	at org.springframework.context.annotation.ConfigurationClassParser.parse(ConfigurationClassParser.java:198)
	at org.springframework.context.annotation.ConfigurationClassParser.parse(ConfigurationClassParser.java:167)
	at org.springframework.context.annotation.ConfigurationClassPostProcessor.processConfigBeanDefinitions(ConfigurationClassPostProcessor.java:308)
	at org.springframework.context.annotation.ConfigurationClassPostProcessor.postProcessBeanDefinitionRegistry(ConfigurationClassPostProcessor.java:228)
	at org.springframework.context.support.PostProcessorRegistrationDelegate.invokeBeanDefinitionRegistryPostProcessors(PostProcessorRegistrationDelegate.java:272)
	at org.springframework.context.support.PostProcessorRegistrationDelegate.invokeBeanFactoryPostProcessors(PostProcessorRegistrationDelegate.java:92)
	at org.springframework.context.support.AbstractApplicationContext.invokeBeanFactoryPostProcessors(AbstractApplicationContext.java:687)
	at org.springframework.context.support.AbstractApplicationContext.refresh(AbstractApplicationContext.java:525)
	at org.springframework.boot.SpringApplication.refresh(SpringApplication.java:693)
	at org.springframework.boot.SpringApplication.refreshContext(SpringApplication.java:360)
	at org.springframework.boot.SpringApplication.run(SpringApplication.java:303)
	at org.springframework.boot.test.context.SpringBootContextLoader.loadContext(SpringBootContextLoader.java:120)
	at org.springframework.test.context.cache.DefaultCacheAwareContextLoaderDelegate.loadContextInternal(DefaultCacheAwareContextLoaderDelegate.java:98)
	at org.springframework.test.context.cache.DefaultCacheAwareContextLoaderDelegate.loadContext(DefaultCacheAwareContextLoaderDelegate.java:116)
	... 26 common frames omitted
Caused by: java.lang.NoClassDefFoundError: Could not initialize class com.jeesite.common.mybatis.annotation.JoinTable$Type
	at sun.reflect.NativeMethodAccessorImpl.invoke0(Native Method)
	at sun.reflect.NativeMethodAccessorImpl.invoke(NativeMethodAccessorImpl.java:62)
	at sun.reflect.DelegatingMethodAccessorImpl.invoke(DelegatingMethodAccessorImpl.java:43)
	at java.lang.reflect.Method.invoke(Method.java:498)
	at java.lang.Class.getEnumConstantsShared(Class.java:3320)
	at java.lang.Class.enumConstantDirectory(Class.java:3341)
	at java.lang.Enum.valueOf(Enum.java:232)
	at sun.reflect.annotation.AnnotationParser.parseEnumValue(AnnotationParser.java:483)
	at sun.reflect.annotation.AnnotationParser.parseMemberValue(AnnotationParser.java:347)
	at java.lang.reflect.Method.getDefaultValue(Method.java:606)
	at org.springframework.core.annotation.AnnotationUtils.registerDefaultValues(AnnotationUtils.java:1178)
	at org.springframework.core.type.classreading.RecursiveAnnotationAttributesVisitor.visitEnd(RecursiveAnnotationAttributesVisitor.java:42)
	at org.springframework.asm.ClassReader.readAnnotationValues(ClassReader.java:2020)
	at org.springframework.asm.ClassReader.readAnnotationValue(ClassReader.java:2095)
	at org.springframework.asm.ClassReader.readAnnotationValues(ClassReader.java:2016)
	at org.springframework.asm.ClassReader.readAnnotationValue(ClassReader.java:2181)
	at org.springframework.asm.ClassReader.readAnnotationValues(ClassReader.java:2012)
	at org.springframework.asm.ClassReader.accept(ClassReader.java:676)
	at org.springframework.asm.ClassReader.accept(ClassReader.java:527)
	at org.springframework.core.type.classreading.SimpleMetadataReader.<init>(SimpleMetadataReader.java:64)
	at org.springframework.core.type.classreading.SimpleMetadataReaderFactory.getMetadataReader(SimpleMetadataReaderFactory.java:102)
	at org.springframework.core.type.classreading.CachingMetadataReaderFactory.getMetadataReader(CachingMetadataReaderFactory.java:102)
	at org.springframework.context.annotation.ClassPathScanningCandidateComponentProvider.findCandidateComponents(ClassPathScanningCandidateComponentProvider.java:287)
	... 44 common frames omitted
2018-05-10 22:37:41,140 [main] DEBUG [com.jeesite.common.io.PropertiesUtils] PropertiesUtils.java:59 - Loading jeesite config: [classpath:/config/jeesite-core.yml, classpath:config/jeesite.yml, classpath:config/application.yml, classpath:application.yml]
2018-05-10 22:37:41,458 [main] DEBUG [o.s.b.logging.ClasspathLoggingApplicationListener] ClasspathLoggingApplicationListener.java:52 - Application started with classpath: [file:/D:/Tools/JDK/jre/lib/resources.jar, file:/D:/Tools/JDK/jre/lib/rt.jar, file:/D:/Tools/JDK/jre/lib/jsse.jar, file:/D:/Tools/JDK/jre/lib/jce.jar, file:/D:/Tools/JDK/jre/lib/charsets.jar, file:/D:/Tools/JDK/jre/lib/jfr.jar, file:/D:/Tools/JDK/jre/lib/ext/access-bridge-64.jar, file:/D:/Tools/JDK/jre/lib/ext/cldrdata.jar, file:/D:/Tools/JDK/jre/lib/ext/dnsns.jar, file:/D:/Tools/JDK/jre/lib/ext/jaccess.jar, file:/D:/Tools/JDK/jre/lib/ext/jfxrt.jar, file:/D:/Tools/JDK/jre/lib/ext/localedata.jar, file:/D:/Tools/JDK/jre/lib/ext/nashorn.jar, file:/D:/Tools/JDK/jre/lib/ext/sunec.jar, file:/D:/Tools/JDK/jre/lib/ext/sunjce_provider.jar, file:/D:/Tools/JDK/jre/lib/ext/sunmscapi.jar, file:/D:/Tools/JDK/jre/lib/ext/sunpkcs11.jar, file:/D:/Tools/JDK/jre/lib/ext/zipfs.jar, file:/D:/Git/js/jeesite-web/src/main/webapp/WEB-INF/classes/, file:/D:/Maven/Maven_Resposity/res/org/springframework/boot/spring-boot-starter-tomcat/1.5.10.RELEASE/spring-boot-starter-tomcat-1.5.10.RELEASE.jar, file:/D:/Maven/Maven_Resposity/res/org/apache/tomcat/embed/tomcat-embed-core/8.5.27/tomcat-embed-core-8.5.27.jar, file:/D:/Maven/Maven_Resposity/res/org/apache/tomcat/tomcat-annotations-api/8.5.27/tomcat-annotations-api-8.5.27.jar, file:/D:/Maven/Maven_Resposity/res/org/apache/tomcat/embed/tomcat-embed-el/8.5.27/tomcat-embed-el-8.5.27.jar, file:/D:/Maven/Maven_Resposity/res/org/apache/tomcat/embed/tomcat-embed-websocket/8.5.27/tomcat-embed-websocket-8.5.27.jar, file:/D:/Git/js/modules/jeesite-module-core/target/classes/, file:/D:/Git/js/jeesite-common/target/classes/, file:/D:/Maven/Maven_Resposity/res/org/apache/commons/commons-lang3/3.4/commons-lang3-3.4.jar, file:/D:/Maven/Maven_Resposity/res/commons-io/commons-io/2.5/commons-io-2.5.jar, file:/D:/Maven/Maven_Resposity/res/commons-codec/commons-codec/1.10/commons-codec-1.10.jar, file:/D:/Maven/Maven_Resposity/res/commons-fileupload/commons-fileupload/1.3.1/commons-fileupload-1.3.1.jar, file:/D:/Maven/Maven_Resposity/res/commons-beanutils/commons-beanutils/1.9.3/commons-beanutils-1.9.3.jar, file:/D:/Maven/Maven_Resposity/res/commons-collections/commons-collections/3.2.2/commons-collections-3.2.2.jar, file:/D:/Maven/Maven_Resposity/res/de/ruedigermoeller/fst/2.56/fst-2.56.jar, file:/D:/Maven/Maven_Resposity/res/org/javassist/javassist/3.21.0-GA/javassist-3.21.0-GA.jar, file:/D:/Maven/Maven_Resposity/res/org/objenesis/objenesis/2.5.1/objenesis-2.5.1.jar, file:/D:/Maven/Maven_Resposity/res/org/json/json/20170516/json-20170516.jar, file:/D:/Maven/Maven_Resposity/res/com/fasterxml/jackson/core/jackson-core/2.8.10/jackson-core-2.8.10.jar, file:/D:/Maven/Maven_Resposity/res/com/fasterxml/jackson/core/jackson-databind/2.8.10/jackson-databind-2.8.10.jar, file:/D:/Maven/Maven_Resposity/res/com/fasterxml/jackson/core/jackson-annotations/2.8.0/jackson-annotations-2.8.0.jar, file:/D:/Maven/Maven_Resposity/res/com/fasterxml/jackson/dataformat/jackson-dataformat-xml/2.8.10/jackson-dataformat-xml-2.8.10.jar, file:/D:/Maven/Maven_Resposity/res/com/fasterxml/jackson/module/jackson-module-jaxb-annotations/2.8.10/jackson-module-jaxb-annotations-2.8.10.jar, file:/D:/Maven/Maven_Resposity/res/org/codehaus/woodstox/stax2-api/3.1.4/stax2-api-3.1.4.jar, file:/D:/Maven/Maven_Resposity/res/com/fasterxml/woodstox/woodstox-core/5.0.3/woodstox-core-5.0.3.jar, file:/D:/Maven/Maven_Resposity/res/dom4j/dom4j/1.6.1/dom4j-1.6.1.jar, file:/D:/Maven/Maven_Resposity/res/xml-apis/xml-apis/1.4.01/xml-apis-1.4.01.jar, file:/D:/Maven/Maven_Resposity/res/jaxen/jaxen/1.1.6/jaxen-1.1.6.jar, file:/D:/Maven/Maven_Resposity/res/org/yaml/snakeyaml/1.17/snakeyaml-1.17.jar, file:/D:/Maven/Maven_Resposity/res/net/sf/dozer/dozer/5.5.1/dozer-5.5.1.jar, file:/D:/Maven/Maven_Resposity/res/org/apache/poi/poi/3.14/poi-3.14.jar, file:/D:/Maven/Maven_Resposity/res/org/apache/poi/poi-ooxml/3.14/poi-ooxml-3.14.jar, file:/D:/Maven/Maven_Resposity/res/com/github/virtuald/curvesapi/1.03/curvesapi-1.03.jar, file:/D:/Maven/Maven_Resposity/res/org/apache/poi/poi-ooxml-schemas/3.14/poi-ooxml-schemas-3.14.jar, file:/D:/Maven/Maven_Resposity/res/org/apache/xmlbeans/xmlbeans/2.6.0/xmlbeans-2.6.0.jar, file:/D:/Maven/Maven_Resposity/res/stax/stax-api/1.0.1/stax-api-1.0.1.jar, file:/D:/Maven/Maven_Resposity/res/org/apache/poi/poi-scratchpad/3.14/poi-scratchpad-3.14.jar, file:/D:/Maven/Maven_Resposity/res/org/apache/commons/commons-email/1.4/commons-email-1.4.jar, file:/D:/Maven/Maven_Resposity/res/com/sun/mail/javax.mail/1.5.6/javax.mail-1.5.6.jar, file:/D:/Maven/Maven_Resposity/res/javax/activation/activation/1.1.1/activation-1.1.1.jar, file:/D:/Maven/Maven_Resposity/res/com/google/zxing/core/3.3.0/core-3.3.0.jar, file:/D:/Maven/Maven_Resposity/res/com/google/zxing/javase/3.3.0/javase-3.3.0.jar, file:/D:/Maven/Maven_Resposity/res/com/beust/jcommander/1.48/jcommander-1.48.jar, file:/D:/Maven/Maven_Resposity/res/com/github/jai-imageio/jai-imageio-core/1.3.1/jai-imageio-core-1.3.1.jar, file:/D:/Maven/Maven_Resposity/res/eu/bitwalker/UserAgentUtils/1.20/UserAgentUtils-1.20.jar, file:/D:/Maven/Maven_Resposity/res/org/apache/httpcomponents/httpclient/4.5.5/httpclient-4.5.5.jar, file:/D:/Maven/Maven_Resposity/res/org/apache/httpcomponents/httpcore/4.4.9/httpcore-4.4.9.jar, file:/D:/Maven/Maven_Resposity/res/org/jsoup/jsoup/1.9.1/jsoup-1.9.1.jar, file:/D:/Maven/Maven_Resposity/res/com/drewnoakes/metadata-extractor/2.9.1/metadata-extractor-2.9.1.jar, file:/D:/Maven/Maven_Resposity/res/com/adobe/xmp/xmpcore/5.1.2/xmpcore-5.1.2.jar, file:/D:/Maven/Maven_Resposity/res/net/coobird/thumbnailator/0.4.8/thumbnailator-0.4.8.jar, file:/D:/Maven/Maven_Resposity/res/com/bladejava/blade-patchca/1.0.5/blade-patchca-1.0.5.jar, file:/D:/Maven/Maven_Resposity/res/org/apache/ant/ant/1.9.7/ant-1.9.7.jar, file:/D:/Maven/Maven_Resposity/res/org/apache/ant/ant-launcher/1.9.7/ant-launcher-1.9.7.jar, file:/D:/Maven/Maven_Resposity/res/net/sf/jmimemagic/jmimemagic/0.1.3/jmimemagic-0.1.3.jar, file:/D:/Maven/Maven_Resposity/res/commons-logging/commons-logging/1.0.4/commons-logging-1.0.4.jar, file:/D:/Maven/Maven_Resposity/res/oro/oro/2.0.8/oro-2.0.8.jar, file:/D:/Maven/Maven_Resposity/res/xml-apis/xmlParserAPIs/2.0.2/xmlParserAPIs-2.0.2.jar, file:/D:/Maven/Maven_Resposity/res/com/belerweb/pinyin4j/2.5.0/pinyin4j-2.5.0.jar, file:/D:/Maven/Maven_Resposity/res/org/slf4j/slf4j-api/1.7.25/slf4j-api-1.7.25.jar, file:/D:/Maven/Maven_Resposity/res/org/slf4j/jcl-over-slf4j/1.7.25/jcl-over-slf4j-1.7.25.jar, file:/D:/Maven/Maven_Resposity/res/org/slf4j/jul-to-slf4j/1.7.25/jul-to-slf4j-1.7.25.jar, file:/D:/Maven/Maven_Resposity/res/org/slf4j/log4j-over-slf4j/1.7.25/log4j-over-slf4j-1.7.25.jar, file:/D:/Maven/Maven_Resposity/res/ch/qos/logback/logback-classic/1.1.11/logback-classic-1.1.11.jar, file:/D:/Maven/Maven_Resposity/res/ch/qos/logback/logback-core/1.1.11/logback-core-1.1.11.jar, file:/D:/Maven/Maven_Resposity/res/org/springframework/spring-core/4.3.14.RELEASE/spring-core-4.3.14.RELEASE.jar, file:/D:/Maven/Maven_Resposity/res/org/springframework/spring-web/4.3.14.RELEASE/spring-web-4.3.14.RELEASE.jar, file:/D:/Maven/Maven_Resposity/res/org/hibernate/hibernate-validator/5.3.6.Final/hibernate-validator-5.3.6.Final.jar, file:/D:/Maven/Maven_Resposity/res/javax/validation/validation-api/1.1.0.Final/validation-api-1.1.0.Final.jar, file:/D:/Maven/Maven_Resposity/res/org/jboss/logging/jboss-logging/3.3.1.Final/jboss-logging-3.3.1.Final.jar, file:/D:/Maven/Maven_Resposity/res/com/fasterxml/classmate/1.3.4/classmate-1.3.4.jar, file:/D:/Maven/Maven_Resposity/res/junit/junit/4.12/junit-4.12.jar, file:/D:/Maven/Maven_Resposity/res/org/hamcrest/hamcrest-core/1.3/hamcrest-core-1.3.jar, file:/D:/Maven/Maven_Resposity/res/org/springframework/spring-test/4.3.14.RELEASE/spring-test-4.3.14.RELEASE.jar, file:/D:/Maven/Maven_Resposity/res/com/jeesite/jeesite-framework/4.0-SNAPSHOT/jeesite-framework-4.0-SNAPSHOT.jar, file:/D:/Maven/Maven_Resposity/res/com/oracle/ojdbc6/11.2.0.3/ojdbc6-11.2.0.3.jar, file:/D:/Maven/Maven_Resposity/res/mysql/mysql-connector-java/5.1.45/mysql-connector-java-5.1.45.jar, file:/D:/Maven/Maven_Resposity/res/net/sourceforge/jtds/jtds/1.3.1/jtds-1.3.1.jar, file:/D:/Maven/Maven_Resposity/res/org/postgresql/postgresql/9.4.1212.jre7/postgresql-9.4.1212.jre7.jar, file:/D:/Maven/Maven_Resposity/res/org/springframework/spring-beans/4.3.14.RELEASE/spring-beans-4.3.14.RELEASE.jar, file:/D:/Maven/Maven_Resposity/res/org/springframework/spring-context/4.3.14.RELEASE/spring-context-4.3.14.RELEASE.jar, file:/D:/Maven/Maven_Resposity/res/org/springframework/spring-context-support/4.3.14.RELEASE/spring-context-support-4.3.14.RELEASE.jar, file:/D:/Maven/Maven_Resposity/res/org/springframework/spring-aop/4.3.14.RELEASE/spring-aop-4.3.14.RELEASE.jar, file:/D:/Maven/Maven_Resposity/res/org/springframework/spring-tx/4.3.14.RELEASE/spring-tx-4.3.14.RELEASE.jar, file:/D:/Maven/Maven_Resposity/res/org/springframework/spring-expression/4.3.14.RELEASE/spring-expression-4.3.14.RELEASE.jar, file:/D:/Maven/Maven_Resposity/res/org/springframework/spring-jdbc/4.3.14.RELEASE/spring-jdbc-4.3.14.RELEASE.jar, file:/D:/Maven/Maven_Resposity/res/org/springframework/boot/spring-boot-starter-web/1.5.10.RELEASE/spring-boot-starter-web-1.5.10.RELEASE.jar, file:/D:/Maven/Maven_Resposity/res/org/springframework/boot/spring-boot-starter/1.5.10.RELEASE/spring-boot-starter-1.5.10.RELEASE.jar, file:/D:/Maven/Maven_Resposity/res/org/springframework/boot/spring-boot-autoconfigure/1.5.10.RELEASE/spring-boot-autoconfigure-1.5.10.RELEASE.jar, file:/D:/Maven/Maven_Resposity/res/org/springframework/boot/spring-boot-starter-logging/1.5.10.RELEASE/spring-boot-starter-logging-1.5.10.RELEASE.jar, file:/D:/Maven/Maven_Resposity/res/org/springframework/boot/spring-boot-starter-jta-atomikos/1.5.10.RELEASE/spring-boot-starter-jta-atomikos-1.5.10.RELEASE.jar, file:/D:/Maven/Maven_Resposity/res/com/atomikos/transactions-jms/3.9.3/transactions-jms-3.9.3.jar, file:/D:/Maven/Maven_Resposity/res/com/atomikos/transactions-jta/3.9.3/transactions-jta-3.9.3.jar, file:/D:/Maven/Maven_Resposity/res/com/atomikos/transactions/3.9.3/transactions-3.9.3.jar, file:/D:/Maven/Maven_Resposity/res/com/atomikos/transactions-api/3.9.3/transactions-api-3.9.3.jar, file:/D:/Maven/Maven_Resposity/res/com/atomikos/atomikos-util/3.9.3/atomikos-util-3.9.3.jar, file:/D:/Maven/Maven_Resposity/res/com/atomikos/transactions-jdbc/3.9.3/transactions-jdbc-3.9.3.jar, file:/D:/Maven/Maven_Resposity/res/javax/transaction/javax.transaction-api/1.2/javax.transaction-api-1.2.jar, file:/D:/Maven/Maven_Resposity/res/org/springframework/boot/spring-boot-test/1.5.10.RELEASE/spring-boot-test-1.5.10.RELEASE.jar, file:/D:/Maven/Maven_Resposity/res/org/springframework/boot/spring-boot/1.5.10.RELEASE/spring-boot-1.5.10.RELEASE.jar, file:/D:/Maven/Maven_Resposity/res/org/aspectj/aspectjrt/1.8.13/aspectjrt-1.8.13.jar, file:/D:/Maven/Maven_Resposity/res/org/aspectj/aspectjweaver/1.8.13/aspectjweaver-1.8.13.jar, file:/D:/Maven/Maven_Resposity/res/org/mybatis/mybatis/3.4.5/mybatis-3.4.5.jar, file:/D:/Maven/Maven_Resposity/res/org/mybatis/mybatis-spring/1.3.1/mybatis-spring-1.3.1.jar, file:/D:/Maven/Maven_Resposity/res/com/alibaba/druid/1.1.3/druid-1.1.3.jar, file:/D:/Maven/Maven_Resposity/res/org/apache/shiro/shiro-core/1.3.2/shiro-core-1.3.2.jar, file:/D:/Maven/Maven_Resposity/res/org/apache/shiro/shiro-spring/1.3.2/shiro-spring-1.3.2.jar, file:/D:/Maven/Maven_Resposity/res/org/apache/shiro/shiro-cas/1.3.2/shiro-cas-1.3.2.jar, file:/D:/Maven/Maven_Resposity/res/org/jasig/cas/client/cas-client-core/3.2.2/cas-client-core-3.2.2.jar, file:/D:/Maven/Maven_Resposity/res/org/apache/shiro/shiro-web/1.3.2/shiro-web-1.3.2.jar, file:/D:/Maven/Maven_Resposity/res/org/apache/shiro/shiro-ehcache/1.3.2/shiro-ehcache-1.3.2.jar, file:/D:/Maven/Maven_Resposity/res/org/springframework/spring-webmvc/4.3.14.RELEASE/spring-webmvc-4.3.14.RELEASE.jar, file:/D:/Maven/Maven_Resposity/res/org/springframework/spring-oxm/4.3.14.RELEASE/spring-oxm-4.3.14.RELEASE.jar, file:/D:/Maven/Maven_Resposity/res/com/jeesite/beetl/2.7-SNAPSHOT/beetl-2.7-SNAPSHOT.jar, file:/D:/Maven/Maven_Resposity/res/org/antlr/antlr4-runtime/4.6/antlr4-runtime-4.6.jar, file:/D:/Maven/Maven_Resposity/res/net/sf/ehcache/ehcache/2.10.4/ehcache-2.10.4.jar, file:/D:/Maven/Maven_Resposity/res/net/sf/ehcache/ehcache-web/2.0.4/ehcache-web-2.0.4.jar, file:/D:/Maven/Maven_Resposity/res/redis/clients/jedis/2.9.0/jedis-2.9.0.jar, file:/D:/Maven/Maven_Resposity/res/org/apache/commons/commons-pool2/2.4.3/commons-pool2-2.4.3.jar, file:/D:/Maven/Maven_Resposity/res/org/fusesource/sigar/1.6.4/sigar-1.6.4.jar, file:/D:/Maven/Maven_Resposity/res/org/quartz-scheduler/quartz/2.2.3/quartz-2.2.3.jar, file:/D:/Maven/Maven_Resposity/res/com/jeesite/jeesite-module-devtools/4.0-SNAPSHOT/jeesite-module-devtools-4.0-SNAPSHOT.jar, file:/D:/Maven/Maven_Resposity/res/javax/servlet/javax.servlet-api/3.1.0/javax.servlet-api-3.1.0.jar]
2018-05-10 22:37:41,514 [main] INFO  [com.jeesite.modules.config.Application] StartupInfoLogger.java:48 - Starting Application on DESKTOP-GC3SC3J with PID 21184 (D:\Git\js\jeesite-web\src\main\webapp\WEB-INF\classes started by Echo in D:\Git\js\jeesite-web)
2018-05-10 22:37:41,516 [main] DEBUG [com.jeesite.modules.config.Application] StartupInfoLogger.java:51 - Running with Spring Boot v1.5.10.RELEASE, Spring v4.3.14.RELEASE
2018-05-10 22:37:41,517 [main] INFO  [com.jeesite.modules.config.Application] SpringApplication.java:597 - The following profiles are active: default
2018-05-10 22:37:41,522 [main] DEBUG [org.springframework.boot.SpringApplication] SpringApplication.java:621 - Loading source class com.jeesite.modules.config.Application
2018-05-10 22:37:41,553 [main] DEBUG [o.s.b.context.config.ConfigFileApplicationListener] DeferredLog.java:172 - Activated profiles default
2018-05-10 22:37:41,553 [main] DEBUG [o.s.b.context.config.ConfigFileApplicationListener] DeferredLog.java:172 - Profiles already activated, '[default]' will not be applied
2018-05-10 22:37:41,553 [main] DEBUG [o.s.b.context.config.ConfigFileApplicationListener] DeferredLog.java:172 - Loaded config file 'file:/D:/Git/js/jeesite-web/src/main/webapp/WEB-INF/classes/config/application.yml' (classpath:/config/application.yml)
2018-05-10 22:37:41,553 [main] DEBUG [o.s.b.context.config.ConfigFileApplicationListener] DeferredLog.java:172 - Skipped (empty) config file 'file:/D:/Git/js/jeesite-web/src/main/webapp/WEB-INF/classes/config/application.yml' (classpath:/config/application.yml) for profile default
2018-05-10 22:37:41,554 [main] INFO  [o.s.b.c.e.AnnotationConfigEmbeddedWebApplicationContext] AbstractApplicationContext.java:583 - Refreshing org.springframework.boot.context.embedded.AnnotationConfigEmbeddedWebApplicationContext@5e600dd5: startup date [Thu May 10 22:37:41 CST 2018]; root of context hierarchy
2018-05-10 22:37:43,565 [main] INFO  [o.s.b.c.e.tomcat.TomcatEmbeddedServletContainer] TomcatEmbeddedServletContainer.java:89 - Tomcat initialized with port(s): 8980 (http)
2018-05-10 22:37:43,974 [localhost-startStop-1] DEBUG [o.s.b.web.servlet.ServletContextInitializerBeans] ServletContextInitializerBeans.java:139 - Added existing Filter initializer bean 'shiroFilterProxy'; order=2147483647, resource=class path resource [com/jeesite/modules/config/web/FilterConfig.class]
2018-05-10 22:37:43,974 [localhost-startStop-1] DEBUG [o.s.b.web.servlet.ServletContextInitializerBeans] ServletContextInitializerBeans.java:139 - Added existing EventListener initializer bean 'requestContextListener'; order=2147483647, resource=class path resource [com/jeesite/modules/config/web/ListenerConfig.class]
2018-05-10 22:37:43,975 [localhost-startStop-1] DEBUG [o.s.b.web.servlet.ServletContextInitializerBeans] ServletContextInitializerBeans.java:139 - Added existing Filter initializer bean 'duridFilter'; order=2147483647, resource=class path resource [com/jeesite/modules/config/web/DruidStatConfig.class]
2018-05-10 22:37:43,975 [localhost-startStop-1] DEBUG [o.s.b.web.servlet.ServletContextInitializerBeans] ServletContextInitializerBeans.java:139 - Added existing Servlet initializer bean 'druidServlet'; order=2147483647, resource=class path resource [com/jeesite/modules/config/web/DruidStatConfig.class]
2018-05-10 22:37:43,975 [localhost-startStop-1] DEBUG [o.s.b.web.servlet.ServletContextInitializerBeans] ServletContextInitializerBeans.java:139 - Added existing Servlet initializer bean 'dispatcherServletRegistration'; order=2147483647, resource=class path resource [org/springframework/boot/autoconfigure/web/DispatcherServletAutoConfiguration$DispatcherServletRegistrationConfiguration.class]
2018-05-10 22:37:44,000 [localhost-startStop-1] DEBUG [o.s.b.web.servlet.ServletContextInitializerBeans] ServletContextInitializerBeans.java:195 - Created Filter initializer for bean 'characterEncodingFilter'; order=-2147483648, resource=class path resource [org/springframework/boot/autoconfigure/web/HttpEncodingAutoConfiguration.class]
2018-05-10 22:37:44,006 [localhost-startStop-1] INFO  [o.s.boot.web.servlet.FilterRegistrationBean] AbstractFilterRegistrationBean.java:258 - Mapping filter: 'characterEncodingFilter' to: [/*]
2018-05-10 22:37:44,007 [localhost-startStop-1] INFO  [o.s.boot.web.servlet.FilterRegistrationBean] AbstractFilterRegistrationBean.java:271 - Mapping filter: 'l' to urls: [/*]
2018-05-10 22:37:44,007 [localhost-startStop-1] INFO  [o.s.boot.web.servlet.FilterRegistrationBean] AbstractFilterRegistrationBean.java:271 - Mapping filter: 'webStatFilter' to urls: [/*]
2018-05-10 22:37:44,007 [localhost-startStop-1] INFO  [o.s.boot.web.servlet.ServletRegistrationBean] ServletRegistrationBean.java:190 - Mapping servlet: 'statViewServlet' to [/druid/*]
2018-05-10 22:37:44,008 [localhost-startStop-1] INFO  [o.s.boot.web.servlet.ServletRegistrationBean] ServletRegistrationBean.java:190 - Mapping servlet: 'dispatcherServlet' to [/]
2018-05-10 22:37:44,020 [localhost-startStop-1] DEBUG [o.s.boot.web.filter.OrderedCharacterEncodingFilter] GenericFilterBean.java:208 - Initializing filter 'characterEncodingFilter'
2018-05-10 22:37:44,021 [localhost-startStop-1] DEBUG [o.s.boot.web.filter.OrderedCharacterEncodingFilter] GenericFilterBean.java:239 - Filter 'characterEncodingFilter' configured successfully
2018-05-10 22:37:44,145 [main] DEBUG [com.jeesite.common.config.Global] lk:278 - Update D:\Git\js\jeesite-web\src\main\webapp\WEB-INF\classes\config\jeesite.yml jdbc.password encryption success.
2018-05-10 22:38:06,456 [main] DEBUG [o.s.b.logging.ClasspathLoggingApplicationListener] ClasspathLoggingApplicationListener.java:52 - Application started with classpath: [file:/D:/Git/js/jeesite-web/target/surefire/surefirebooter8432811311186610309.jar]
2018-05-10 22:38:06,512 [main] INFO  [com.jeesite.test.InitCoreData] StartupInfoLogger.java:48 - Starting InitCoreData on DESKTOP-GC3SC3J with PID 11016 (started by Echo in D:\Git\js\jeesite-web)
2018-05-10 22:38:06,513 [main] DEBUG [com.jeesite.test.InitCoreData] StartupInfoLogger.java:51 - Running with Spring Boot v1.5.10.RELEASE, Spring v4.3.14.RELEASE
2018-05-10 22:38:06,514 [main] INFO  [com.jeesite.test.InitCoreData] SpringApplication.java:597 - The following profiles are active: test
2018-05-10 22:38:06,514 [main] DEBUG [org.springframework.boot.SpringApplication] SpringApplication.java:621 - Loading source class com.jeesite.modules.config.Application
2018-05-10 22:38:06,552 [main] DEBUG [o.s.b.context.config.ConfigFileApplicationListener] DeferredLog.java:172 - Activated profiles test
2018-05-10 22:38:06,553 [main] DEBUG [o.s.b.context.config.ConfigFileApplicationListener] DeferredLog.java:172 - Profiles already activated, '[default]' will not be applied
2018-05-10 22:38:06,553 [main] DEBUG [o.s.b.context.config.ConfigFileApplicationListener] DeferredLog.java:172 - Loaded config file 'file:/D:/Git/js/jeesite-web/src/main/webapp/WEB-INF/classes/config/application.yml' (classpath:/config/application.yml)
2018-05-10 22:38:06,553 [main] DEBUG [o.s.b.context.config.ConfigFileApplicationListener] DeferredLog.java:172 - Skipped (empty) config file 'file:/D:/Git/js/jeesite-web/src/main/webapp/WEB-INF/classes/config/application.yml' (classpath:/config/application.yml) for profile test
2018-05-10 22:38:06,668 [main] WARN  [o.s.w.context.support.GenericWebApplicationContext] AbstractApplicationContext.java:551 - Exception encountered during context initialization - cancelling refresh attempt: org.springframework.beans.factory.BeanDefinitionStoreException: Failed to read candidate component class: file [D:\Git\js\jeesite-web\src\main\webapp\WEB-INF\classes\com\jeesite\modules\test\entity\TestData.class]; nested exception is java.lang.NoClassDefFoundError: Could not initialize class com.jeesite.common.mybatis.annotation.JoinTable$Type
2018-05-10 22:38:06,885 [main] DEBUG [o.s.b.logging.ClasspathLoggingApplicationListener] ClasspathLoggingApplicationListener.java:55 - Application failed to start with classpath: [file:/D:/Git/js/jeesite-web/target/surefire/surefirebooter8432811311186610309.jar]
2018-05-10 22:38:06,892 [main] ERROR [org.springframework.boot.SpringApplication] SpringApplication.java:771 - Application startup failed
org.springframework.beans.factory.BeanDefinitionStoreException: Failed to read candidate component class: file [D:\Git\js\jeesite-web\src\main\webapp\WEB-INF\classes\com\jeesite\modules\test\entity\TestData.class]; nested exception is java.lang.NoClassDefFoundError: Could not initialize class com.jeesite.common.mybatis.annotation.JoinTable$Type
	at org.springframework.context.annotation.ClassPathScanningCandidateComponentProvider.findCandidateComponents(ClassPathScanningCandidateComponentProvider.java:311)
	at org.springframework.context.annotation.ClassPathBeanDefinitionScanner.doScan(ClassPathBeanDefinitionScanner.java:272)
	at org.springframework.context.annotation.ComponentScanAnnotationParser.parse(ComponentScanAnnotationParser.java:135)
	at org.springframework.context.annotation.ConfigurationClassParser.doProcessConfigurationClass(ConfigurationClassParser.java:287)
	at org.springframework.context.annotation.ConfigurationClassParser.processConfigurationClass(ConfigurationClassParser.java:245)
	at org.springframework.context.annotation.ConfigurationClassParser.parse(ConfigurationClassParser.java:198)
	at org.springframework.context.annotation.ConfigurationClassParser.parse(ConfigurationClassParser.java:167)
	at org.springframework.context.annotation.ConfigurationClassPostProcessor.processConfigBeanDefinitions(ConfigurationClassPostProcessor.java:308)
	at org.springframework.context.annotation.ConfigurationClassPostProcessor.postProcessBeanDefinitionRegistry(ConfigurationClassPostProcessor.java:228)
	at org.springframework.context.support.PostProcessorRegistrationDelegate.invokeBeanDefinitionRegistryPostProcessors(PostProcessorRegistrationDelegate.java:272)
	at org.springframework.context.support.PostProcessorRegistrationDelegate.invokeBeanFactoryPostProcessors(PostProcessorRegistrationDelegate.java:92)
	at org.springframework.context.support.AbstractApplicationContext.invokeBeanFactoryPostProcessors(AbstractApplicationContext.java:687)
	at org.springframework.context.support.AbstractApplicationContext.refresh(AbstractApplicationContext.java:525)
	at org.springframework.boot.SpringApplication.refresh(SpringApplication.java:693)
	at org.springframework.boot.SpringApplication.refreshContext(SpringApplication.java:360)
	at org.springframework.boot.SpringApplication.run(SpringApplication.java:303)
	at org.springframework.boot.test.context.SpringBootContextLoader.loadContext(SpringBootContextLoader.java:120)
	at org.springframework.test.context.cache.DefaultCacheAwareContextLoaderDelegate.loadContextInternal(DefaultCacheAwareContextLoaderDelegate.java:98)
	at org.springframework.test.context.cache.DefaultCacheAwareContextLoaderDelegate.loadContext(DefaultCacheAwareContextLoaderDelegate.java:116)
	at org.springframework.test.context.support.DefaultTestContext.getApplicationContext(DefaultTestContext.java:83)
	at org.springframework.test.context.web.ServletTestExecutionListener.setUpRequestContextIfNecessary(ServletTestExecutionListener.java:189)
	at org.springframework.test.context.web.ServletTestExecutionListener.prepareTestInstance(ServletTestExecutionListener.java:131)
	at org.springframework.test.context.TestContextManager.prepareTestInstance(TestContextManager.java:230)
	at org.springframework.test.context.junit4.SpringJUnit4ClassRunner.createTest(SpringJUnit4ClassRunner.java:228)
	at org.springframework.test.context.junit4.SpringJUnit4ClassRunner$1.runReflectiveCall(SpringJUnit4ClassRunner.java:287)
	at org.junit.internal.runners.model.ReflectiveCallable.run(ReflectiveCallable.java:12)
	at org.springframework.test.context.junit4.SpringJUnit4ClassRunner.methodBlock(SpringJUnit4ClassRunner.java:289)
	at org.springframework.test.context.junit4.SpringJUnit4ClassRunner.runChild(SpringJUnit4ClassRunner.java:247)
	at org.springframework.test.context.junit4.SpringJUnit4ClassRunner.runChild(SpringJUnit4ClassRunner.java:94)
	at org.junit.runners.ParentRunner$3.run(ParentRunner.java:290)
	at org.junit.runners.ParentRunner$1.schedule(ParentRunner.java:71)
	at org.junit.runners.ParentRunner.runChildren(ParentRunner.java:288)
	at org.junit.runners.ParentRunner.access$000(ParentRunner.java:58)
	at org.junit.runners.ParentRunner$2.evaluate(ParentRunner.java:268)
	at org.springframework.test.context.junit4.statements.RunBeforeTestClassCallbacks.evaluate(RunBeforeTestClassCallbacks.java:61)
	at org.springframework.test.context.junit4.statements.RunAfterTestClassCallbacks.evaluate(RunAfterTestClassCallbacks.java:70)
	at org.junit.runners.ParentRunner.run(ParentRunner.java:363)
	at org.springframework.test.context.junit4.SpringJUnit4ClassRunner.run(SpringJUnit4ClassRunner.java:191)
	at org.apache.maven.surefire.junit4.JUnit4Provider.execute(JUnit4Provider.java:283)
	at org.apache.maven.surefire.junit4.JUnit4Provider.executeWithRerun(JUnit4Provider.java:173)
	at org.apache.maven.surefire.junit4.JUnit4Provider.executeTestSet(JUnit4Provider.java:153)
	at org.apache.maven.surefire.junit4.JUnit4Provider.invoke(JUnit4Provider.java:128)
	at org.apache.maven.surefire.booter.ForkedBooter.invokeProviderInSameClassLoader(ForkedBooter.java:203)
	at org.apache.maven.surefire.booter.ForkedBooter.runSuitesInProcess(ForkedBooter.java:155)
	at org.apache.maven.surefire.booter.ForkedBooter.main(ForkedBooter.java:103)
Caused by: java.lang.NoClassDefFoundError: Could not initialize class com.jeesite.common.mybatis.annotation.JoinTable$Type
	at sun.reflect.NativeMethodAccessorImpl.invoke0(Native Method)
	at sun.reflect.NativeMethodAccessorImpl.invoke(NativeMethodAccessorImpl.java:62)
	at sun.reflect.DelegatingMethodAccessorImpl.invoke(DelegatingMethodAccessorImpl.java:43)
	at java.lang.reflect.Method.invoke(Method.java:498)
	at java.lang.Class.getEnumConstantsShared(Class.java:3320)
	at java.lang.Class.enumConstantDirectory(Class.java:3341)
	at java.lang.Enum.valueOf(Enum.java:232)
	at sun.reflect.annotation.AnnotationParser.parseEnumValue(AnnotationParser.java:483)
	at sun.reflect.annotation.AnnotationParser.parseMemberValue(AnnotationParser.java:347)
	at java.lang.reflect.Method.getDefaultValue(Method.java:606)
	at org.springframework.core.annotation.AnnotationUtils.registerDefaultValues(AnnotationUtils.java:1178)
	at org.springframework.core.type.classreading.RecursiveAnnotationAttributesVisitor.visitEnd(RecursiveAnnotationAttributesVisitor.java:42)
	at org.springframework.asm.ClassReader.readAnnotationValues(ClassReader.java:2020)
	at org.springframework.asm.ClassReader.readAnnotationValue(ClassReader.java:2095)
	at org.springframework.asm.ClassReader.readAnnotationValues(ClassReader.java:2016)
	at org.springframework.asm.ClassReader.readAnnotationValue(ClassReader.java:2181)
	at org.springframework.asm.ClassReader.readAnnotationValues(ClassReader.java:2012)
	at org.springframework.asm.ClassReader.accept(ClassReader.java:676)
	at org.springframework.asm.ClassReader.accept(ClassReader.java:527)
	at org.springframework.core.type.classreading.SimpleMetadataReader.<init>(SimpleMetadataReader.java:64)
	at org.springframework.core.type.classreading.SimpleMetadataReaderFactory.getMetadataReader(SimpleMetadataReaderFactory.java:102)
	at org.springframework.core.type.classreading.CachingMetadataReaderFactory.getMetadataReader(CachingMetadataReaderFactory.java:102)
	at org.springframework.context.annotation.ClassPathScanningCandidateComponentProvider.findCandidateComponents(ClassPathScanningCandidateComponentProvider.java:287)
	... 44 common frames omitted
2018-05-10 22:38:06,895 [main] ERROR [o.springframework.test.context.TestContextManager] TestContextManager.java:234 - Caught exception while allowing TestExecutionListener [org.springframework.test.context.web.ServletTestExecutionListener@3abada5a] to prepare test instance [com.jeesite.test.InitCoreData@66c61024]
java.lang.IllegalStateException: Failed to load ApplicationContext
	at org.springframework.test.context.cache.DefaultCacheAwareContextLoaderDelegate.loadContext(DefaultCacheAwareContextLoaderDelegate.java:124)
	at org.springframework.test.context.support.DefaultTestContext.getApplicationContext(DefaultTestContext.java:83)
	at org.springframework.test.context.web.ServletTestExecutionListener.setUpRequestContextIfNecessary(ServletTestExecutionListener.java:189)
	at org.springframework.test.context.web.ServletTestExecutionListener.prepareTestInstance(ServletTestExecutionListener.java:131)
	at org.springframework.test.context.TestContextManager.prepareTestInstance(TestContextManager.java:230)
	at org.springframework.test.context.junit4.SpringJUnit4ClassRunner.createTest(SpringJUnit4ClassRunner.java:228)
	at org.springframework.test.context.junit4.SpringJUnit4ClassRunner$1.runReflectiveCall(SpringJUnit4ClassRunner.java:287)
	at org.junit.internal.runners.model.ReflectiveCallable.run(ReflectiveCallable.java:12)
	at org.springframework.test.context.junit4.SpringJUnit4ClassRunner.methodBlock(SpringJUnit4ClassRunner.java:289)
	at org.springframework.test.context.junit4.SpringJUnit4ClassRunner.runChild(SpringJUnit4ClassRunner.java:247)
	at org.springframework.test.context.junit4.SpringJUnit4ClassRunner.runChild(SpringJUnit4ClassRunner.java:94)
	at org.junit.runners.ParentRunner$3.run(ParentRunner.java:290)
	at org.junit.runners.ParentRunner$1.schedule(ParentRunner.java:71)
	at org.junit.runners.ParentRunner.runChildren(ParentRunner.java:288)
	at org.junit.runners.ParentRunner.access$000(ParentRunner.java:58)
	at org.junit.runners.ParentRunner$2.evaluate(ParentRunner.java:268)
	at org.springframework.test.context.junit4.statements.RunBeforeTestClassCallbacks.evaluate(RunBeforeTestClassCallbacks.java:61)
	at org.springframework.test.context.junit4.statements.RunAfterTestClassCallbacks.evaluate(RunAfterTestClassCallbacks.java:70)
	at org.junit.runners.ParentRunner.run(ParentRunner.java:363)
	at org.springframework.test.context.junit4.SpringJUnit4ClassRunner.run(SpringJUnit4ClassRunner.java:191)
	at org.apache.maven.surefire.junit4.JUnit4Provider.execute(JUnit4Provider.java:283)
	at org.apache.maven.surefire.junit4.JUnit4Provider.executeWithRerun(JUnit4Provider.java:173)
	at org.apache.maven.surefire.junit4.JUnit4Provider.executeTestSet(JUnit4Provider.java:153)
	at org.apache.maven.surefire.junit4.JUnit4Provider.invoke(JUnit4Provider.java:128)
	at org.apache.maven.surefire.booter.ForkedBooter.invokeProviderInSameClassLoader(ForkedBooter.java:203)
	at org.apache.maven.surefire.booter.ForkedBooter.runSuitesInProcess(ForkedBooter.java:155)
	at org.apache.maven.surefire.booter.ForkedBooter.main(ForkedBooter.java:103)
Caused by: org.springframework.beans.factory.BeanDefinitionStoreException: Failed to read candidate component class: file [D:\Git\js\jeesite-web\src\main\webapp\WEB-INF\classes\com\jeesite\modules\test\entity\TestData.class]; nested exception is java.lang.NoClassDefFoundError: Could not initialize class com.jeesite.common.mybatis.annotation.JoinTable$Type
	at org.springframework.context.annotation.ClassPathScanningCandidateComponentProvider.findCandidateComponents(ClassPathScanningCandidateComponentProvider.java:311)
	at org.springframework.context.annotation.ClassPathBeanDefinitionScanner.doScan(ClassPathBeanDefinitionScanner.java:272)
	at org.springframework.context.annotation.ComponentScanAnnotationParser.parse(ComponentScanAnnotationParser.java:135)
	at org.springframework.context.annotation.ConfigurationClassParser.doProcessConfigurationClass(ConfigurationClassParser.java:287)
	at org.springframework.context.annotation.ConfigurationClassParser.processConfigurationClass(ConfigurationClassParser.java:245)
	at org.springframework.context.annotation.ConfigurationClassParser.parse(ConfigurationClassParser.java:198)
	at org.springframework.context.annotation.ConfigurationClassParser.parse(ConfigurationClassParser.java:167)
	at org.springframework.context.annotation.ConfigurationClassPostProcessor.processConfigBeanDefinitions(ConfigurationClassPostProcessor.java:308)
	at org.springframework.context.annotation.ConfigurationClassPostProcessor.postProcessBeanDefinitionRegistry(ConfigurationClassPostProcessor.java:228)
	at org.springframework.context.support.PostProcessorRegistrationDelegate.invokeBeanDefinitionRegistryPostProcessors(PostProcessorRegistrationDelegate.java:272)
	at org.springframework.context.support.PostProcessorRegistrationDelegate.invokeBeanFactoryPostProcessors(PostProcessorRegistrationDelegate.java:92)
	at org.springframework.context.support.AbstractApplicationContext.invokeBeanFactoryPostProcessors(AbstractApplicationContext.java:687)
	at org.springframework.context.support.AbstractApplicationContext.refresh(AbstractApplicationContext.java:525)
	at org.springframework.boot.SpringApplication.refresh(SpringApplication.java:693)
	at org.springframework.boot.SpringApplication.refreshContext(SpringApplication.java:360)
	at org.springframework.boot.SpringApplication.run(SpringApplication.java:303)
	at org.springframework.boot.test.context.SpringBootContextLoader.loadContext(SpringBootContextLoader.java:120)
	at org.springframework.test.context.cache.DefaultCacheAwareContextLoaderDelegate.loadContextInternal(DefaultCacheAwareContextLoaderDelegate.java:98)
	at org.springframework.test.context.cache.DefaultCacheAwareContextLoaderDelegate.loadContext(DefaultCacheAwareContextLoaderDelegate.java:116)
	... 26 common frames omitted
Caused by: java.lang.NoClassDefFoundError: Could not initialize class com.jeesite.common.mybatis.annotation.JoinTable$Type
	at sun.reflect.NativeMethodAccessorImpl.invoke0(Native Method)
	at sun.reflect.NativeMethodAccessorImpl.invoke(NativeMethodAccessorImpl.java:62)
	at sun.reflect.DelegatingMethodAccessorImpl.invoke(DelegatingMethodAccessorImpl.java:43)
	at java.lang.reflect.Method.invoke(Method.java:498)
	at java.lang.Class.getEnumConstantsShared(Class.java:3320)
	at java.lang.Class.enumConstantDirectory(Class.java:3341)
	at java.lang.Enum.valueOf(Enum.java:232)
	at sun.reflect.annotation.AnnotationParser.parseEnumValue(AnnotationParser.java:483)
	at sun.reflect.annotation.AnnotationParser.parseMemberValue(AnnotationParser.java:347)
	at java.lang.reflect.Method.getDefaultValue(Method.java:606)
	at org.springframework.core.annotation.AnnotationUtils.registerDefaultValues(AnnotationUtils.java:1178)
	at org.springframework.core.type.classreading.RecursiveAnnotationAttributesVisitor.visitEnd(RecursiveAnnotationAttributesVisitor.java:42)
	at org.springframework.asm.ClassReader.readAnnotationValues(ClassReader.java:2020)
	at org.springframework.asm.ClassReader.readAnnotationValue(ClassReader.java:2095)
	at org.springframework.asm.ClassReader.readAnnotationValues(ClassReader.java:2016)
	at org.springframework.asm.ClassReader.readAnnotationValue(ClassReader.java:2181)
	at org.springframework.asm.ClassReader.readAnnotationValues(ClassReader.java:2012)
	at org.springframework.asm.ClassReader.accept(ClassReader.java:676)
	at org.springframework.asm.ClassReader.accept(ClassReader.java:527)
	at org.springframework.core.type.classreading.SimpleMetadataReader.<init>(SimpleMetadataReader.java:64)
	at org.springframework.core.type.classreading.SimpleMetadataReaderFactory.getMetadataReader(SimpleMetadataReaderFactory.java:102)
	at org.springframework.core.type.classreading.CachingMetadataReaderFactory.getMetadataReader(CachingMetadataReaderFactory.java:102)
	at org.springframework.context.annotation.ClassPathScanningCandidateComponentProvider.findCandidateComponents(ClassPathScanningCandidateComponentProvider.java:287)
	... 44 common frames omitted
2018-05-10 22:38:06,914 [main] INFO  [o.s.b.t.context.SpringBootTestContextBootstrapper] AbstractTestContextBootstrapper.java:307 - Neither @ContextConfiguration nor @ContextHierarchy found for test class [com.jeesite.test.InitGenData], using SpringBootContextLoader
2018-05-10 22:38:06,920 [main] INFO  [o.s.b.t.context.SpringBootTestContextBootstrapper] AbstractTestContextBootstrapper.java:174 - Using TestExecutionListeners: [org.springframework.test.context.web.ServletTestExecutionListener@77128536, org.springframework.test.context.support.DirtiesContextBeforeModesTestExecutionListener@58326051, org.springframework.test.context.support.DependencyInjectionTestExecutionListener@32c4e8b2, org.springframework.test.context.support.DirtiesContextTestExecutionListener@64bce832, org.springframework.test.context.transaction.TransactionalTestExecutionListener@764faa6, org.springframework.test.context.jdbc.SqlScriptsTestExecutionListener@4c1f22f3]
2018-05-10 22:38:07,015 [main] DEBUG [o.s.b.logging.ClasspathLoggingApplicationListener] ClasspathLoggingApplicationListener.java:52 - Application started with classpath: [file:/D:/Git/js/jeesite-web/target/surefire/surefirebooter8432811311186610309.jar]
2018-05-10 22:38:07,020 [main] INFO  [com.jeesite.test.InitGenData] StartupInfoLogger.java:48 - Starting InitGenData on DESKTOP-GC3SC3J with PID 11016 (started by Echo in D:\Git\js\jeesite-web)
2018-05-10 22:38:07,021 [main] DEBUG [com.jeesite.test.InitGenData] StartupInfoLogger.java:51 - Running with Spring Boot v1.5.10.RELEASE, Spring v4.3.14.RELEASE
2018-05-10 22:38:07,021 [main] INFO  [com.jeesite.test.InitGenData] SpringApplication.java:597 - The following profiles are active: test
2018-05-10 22:38:07,022 [main] DEBUG [org.springframework.boot.SpringApplication] SpringApplication.java:621 - Loading source class com.jeesite.modules.config.Application
2018-05-10 22:38:07,024 [main] DEBUG [o.s.b.context.config.ConfigFileApplicationListener] DeferredLog.java:172 - Activated profiles test
2018-05-10 22:38:07,025 [main] DEBUG [o.s.b.context.config.ConfigFileApplicationListener] DeferredLog.java:172 - Profiles already activated, '[default]' will not be applied
2018-05-10 22:38:07,025 [main] DEBUG [o.s.b.context.config.ConfigFileApplicationListener] DeferredLog.java:172 - Loaded config file 'file:/D:/Git/js/jeesite-web/src/main/webapp/WEB-INF/classes/config/application.yml' (classpath:/config/application.yml)
2018-05-10 22:38:07,025 [main] DEBUG [o.s.b.context.config.ConfigFileApplicationListener] DeferredLog.java:172 - Skipped (empty) config file 'file:/D:/Git/js/jeesite-web/src/main/webapp/WEB-INF/classes/config/application.yml' (classpath:/config/application.yml) for profile test
2018-05-10 22:38:07,050 [main] WARN  [o.s.w.context.support.GenericWebApplicationContext] AbstractApplicationContext.java:551 - Exception encountered during context initialization - cancelling refresh attempt: org.springframework.beans.factory.BeanDefinitionStoreException: Failed to read candidate component class: file [D:\Git\js\jeesite-web\src\main\webapp\WEB-INF\classes\com\jeesite\modules\test\entity\TestData.class]; nested exception is java.lang.NoClassDefFoundError: Could not initialize class com.jeesite.common.mybatis.annotation.JoinTable$Type
2018-05-10 22:38:07,052 [main] DEBUG [o.s.b.logging.ClasspathLoggingApplicationListener] ClasspathLoggingApplicationListener.java:55 - Application failed to start with classpath: [file:/D:/Git/js/jeesite-web/target/surefire/surefirebooter8432811311186610309.jar]
2018-05-10 22:38:07,054 [main] ERROR [org.springframework.boot.SpringApplication] SpringApplication.java:771 - Application startup failed
org.springframework.beans.factory.BeanDefinitionStoreException: Failed to read candidate component class: file [D:\Git\js\jeesite-web\src\main\webapp\WEB-INF\classes\com\jeesite\modules\test\entity\TestData.class]; nested exception is java.lang.NoClassDefFoundError: Could not initialize class com.jeesite.common.mybatis.annotation.JoinTable$Type
	at org.springframework.context.annotation.ClassPathScanningCandidateComponentProvider.findCandidateComponents(ClassPathScanningCandidateComponentProvider.java:311)
	at org.springframework.context.annotation.ClassPathBeanDefinitionScanner.doScan(ClassPathBeanDefinitionScanner.java:272)
	at org.springframework.context.annotation.ComponentScanAnnotationParser.parse(ComponentScanAnnotationParser.java:135)
	at org.springframework.context.annotation.ConfigurationClassParser.doProcessConfigurationClass(ConfigurationClassParser.java:287)
	at org.springframework.context.annotation.ConfigurationClassParser.processConfigurationClass(ConfigurationClassParser.java:245)
	at org.springframework.context.annotation.ConfigurationClassParser.parse(ConfigurationClassParser.java:198)
	at org.springframework.context.annotation.ConfigurationClassParser.parse(ConfigurationClassParser.java:167)
	at org.springframework.context.annotation.ConfigurationClassPostProcessor.processConfigBeanDefinitions(ConfigurationClassPostProcessor.java:308)
	at org.springframework.context.annotation.ConfigurationClassPostProcessor.postProcessBeanDefinitionRegistry(ConfigurationClassPostProcessor.java:228)
	at org.springframework.context.support.PostProcessorRegistrationDelegate.invokeBeanDefinitionRegistryPostProcessors(PostProcessorRegistrationDelegate.java:272)
	at org.springframework.context.support.PostProcessorRegistrationDelegate.invokeBeanFactoryPostProcessors(PostProcessorRegistrationDelegate.java:92)
	at org.springframework.context.support.AbstractApplicationContext.invokeBeanFactoryPostProcessors(AbstractApplicationContext.java:687)
	at org.springframework.context.support.AbstractApplicationContext.refresh(AbstractApplicationContext.java:525)
	at org.springframework.boot.SpringApplication.refresh(SpringApplication.java:693)
	at org.springframework.boot.SpringApplication.refreshContext(SpringApplication.java:360)
	at org.springframework.boot.SpringApplication.run(SpringApplication.java:303)
	at org.springframework.boot.test.context.SpringBootContextLoader.loadContext(SpringBootContextLoader.java:120)
	at org.springframework.test.context.cache.DefaultCacheAwareContextLoaderDelegate.loadContextInternal(DefaultCacheAwareContextLoaderDelegate.java:98)
	at org.springframework.test.context.cache.DefaultCacheAwareContextLoaderDelegate.loadContext(DefaultCacheAwareContextLoaderDelegate.java:116)
	at org.springframework.test.context.support.DefaultTestContext.getApplicationContext(DefaultTestContext.java:83)
	at org.springframework.test.context.web.ServletTestExecutionListener.setUpRequestContextIfNecessary(ServletTestExecutionListener.java:189)
	at org.springframework.test.context.web.ServletTestExecutionListener.prepareTestInstance(ServletTestExecutionListener.java:131)
	at org.springframework.test.context.TestContextManager.prepareTestInstance(TestContextManager.java:230)
	at org.springframework.test.context.junit4.SpringJUnit4ClassRunner.createTest(SpringJUnit4ClassRunner.java:228)
	at org.springframework.test.context.junit4.SpringJUnit4ClassRunner$1.runReflectiveCall(SpringJUnit4ClassRunner.java:287)
	at org.junit.internal.runners.model.ReflectiveCallable.run(ReflectiveCallable.java:12)
	at org.springframework.test.context.junit4.SpringJUnit4ClassRunner.methodBlock(SpringJUnit4ClassRunner.java:289)
	at org.springframework.test.context.junit4.SpringJUnit4ClassRunner.runChild(SpringJUnit4ClassRunner.java:247)
	at org.springframework.test.context.junit4.SpringJUnit4ClassRunner.runChild(SpringJUnit4ClassRunner.java:94)
	at org.junit.runners.ParentRunner$3.run(ParentRunner.java:290)
	at org.junit.runners.ParentRunner$1.schedule(ParentRunner.java:71)
	at org.junit.runners.ParentRunner.runChildren(ParentRunner.java:288)
	at org.junit.runners.ParentRunner.access$000(ParentRunner.java:58)
	at org.junit.runners.ParentRunner$2.evaluate(ParentRunner.java:268)
	at org.springframework.test.context.junit4.statements.RunBeforeTestClassCallbacks.evaluate(RunBeforeTestClassCallbacks.java:61)
	at org.springframework.test.context.junit4.statements.RunAfterTestClassCallbacks.evaluate(RunAfterTestClassCallbacks.java:70)
	at org.junit.runners.ParentRunner.run(ParentRunner.java:363)
	at org.springframework.test.context.junit4.SpringJUnit4ClassRunner.run(SpringJUnit4ClassRunner.java:191)
	at org.apache.maven.surefire.junit4.JUnit4Provider.execute(JUnit4Provider.java:283)
	at org.apache.maven.surefire.junit4.JUnit4Provider.executeWithRerun(JUnit4Provider.java:173)
	at org.apache.maven.surefire.junit4.JUnit4Provider.executeTestSet(JUnit4Provider.java:153)
	at org.apache.maven.surefire.junit4.JUnit4Provider.invoke(JUnit4Provider.java:128)
	at org.apache.maven.surefire.booter.ForkedBooter.invokeProviderInSameClassLoader(ForkedBooter.java:203)
	at org.apache.maven.surefire.booter.ForkedBooter.runSuitesInProcess(ForkedBooter.java:155)
	at org.apache.maven.surefire.booter.ForkedBooter.main(ForkedBooter.java:103)
Caused by: java.lang.NoClassDefFoundError: Could not initialize class com.jeesite.common.mybatis.annotation.JoinTable$Type
	at sun.reflect.NativeMethodAccessorImpl.invoke0(Native Method)
	at sun.reflect.NativeMethodAccessorImpl.invoke(NativeMethodAccessorImpl.java:62)
	at sun.reflect.DelegatingMethodAccessorImpl.invoke(DelegatingMethodAccessorImpl.java:43)
	at java.lang.reflect.Method.invoke(Method.java:498)
	at java.lang.Class.getEnumConstantsShared(Class.java:3320)
	at java.lang.Class.enumConstantDirectory(Class.java:3341)
	at java.lang.Enum.valueOf(Enum.java:232)
	at sun.reflect.annotation.AnnotationParser.parseEnumValue(AnnotationParser.java:483)
	at sun.reflect.annotation.AnnotationParser.parseMemberValue(AnnotationParser.java:347)
	at java.lang.reflect.Method.getDefaultValue(Method.java:606)
	at org.springframework.core.annotation.AnnotationUtils.registerDefaultValues(AnnotationUtils.java:1178)
	at org.springframework.core.type.classreading.RecursiveAnnotationAttributesVisitor.visitEnd(RecursiveAnnotationAttributesVisitor.java:42)
	at org.springframework.asm.ClassReader.readAnnotationValues(ClassReader.java:2020)
	at org.springframework.asm.ClassReader.readAnnotationValue(ClassReader.java:2095)
	at org.springframework.asm.ClassReader.readAnnotationValues(ClassReader.java:2016)
	at org.springframework.asm.ClassReader.readAnnotationValue(ClassReader.java:2181)
	at org.springframework.asm.ClassReader.readAnnotationValues(ClassReader.java:2012)
	at org.springframework.asm.ClassReader.accept(ClassReader.java:676)
	at org.springframework.asm.ClassReader.accept(ClassReader.java:527)
	at org.springframework.core.type.classreading.SimpleMetadataReader.<init>(SimpleMetadataReader.java:64)
	at org.springframework.core.type.classreading.SimpleMetadataReaderFactory.getMetadataReader(SimpleMetadataReaderFactory.java:102)
	at org.springframework.core.type.classreading.CachingMetadataReaderFactory.getMetadataReader(CachingMetadataReaderFactory.java:102)
	at org.springframework.context.annotation.ClassPathScanningCandidateComponentProvider.findCandidateComponents(ClassPathScanningCandidateComponentProvider.java:287)
	... 44 common frames omitted
2018-05-10 22:38:07,056 [main] ERROR [o.springframework.test.context.TestContextManager] TestContextManager.java:234 - Caught exception while allowing TestExecutionListener [org.springframework.test.context.web.ServletTestExecutionListener@77128536] to prepare test instance [com.jeesite.test.InitGenData@6ad3381f]
java.lang.IllegalStateException: Failed to load ApplicationContext
	at org.springframework.test.context.cache.DefaultCacheAwareContextLoaderDelegate.loadContext(DefaultCacheAwareContextLoaderDelegate.java:124)
	at org.springframework.test.context.support.DefaultTestContext.getApplicationContext(DefaultTestContext.java:83)
	at org.springframework.test.context.web.ServletTestExecutionListener.setUpRequestContextIfNecessary(ServletTestExecutionListener.java:189)
	at org.springframework.test.context.web.ServletTestExecutionListener.prepareTestInstance(ServletTestExecutionListener.java:131)
	at org.springframework.test.context.TestContextManager.prepareTestInstance(TestContextManager.java:230)
	at org.springframework.test.context.junit4.SpringJUnit4ClassRunner.createTest(SpringJUnit4ClassRunner.java:228)
	at org.springframework.test.context.junit4.SpringJUnit4ClassRunner$1.runReflectiveCall(SpringJUnit4ClassRunner.java:287)
	at org.junit.internal.runners.model.ReflectiveCallable.run(ReflectiveCallable.java:12)
	at org.springframework.test.context.junit4.SpringJUnit4ClassRunner.methodBlock(SpringJUnit4ClassRunner.java:289)
	at org.springframework.test.context.junit4.SpringJUnit4ClassRunner.runChild(SpringJUnit4ClassRunner.java:247)
	at org.springframework.test.context.junit4.SpringJUnit4ClassRunner.runChild(SpringJUnit4ClassRunner.java:94)
	at org.junit.runners.ParentRunner$3.run(ParentRunner.java:290)
	at org.junit.runners.ParentRunner$1.schedule(ParentRunner.java:71)
	at org.junit.runners.ParentRunner.runChildren(ParentRunner.java:288)
	at org.junit.runners.ParentRunner.access$000(ParentRunner.java:58)
	at org.junit.runners.ParentRunner$2.evaluate(ParentRunner.java:268)
	at org.springframework.test.context.junit4.statements.RunBeforeTestClassCallbacks.evaluate(RunBeforeTestClassCallbacks.java:61)
	at org.springframework.test.context.junit4.statements.RunAfterTestClassCallbacks.evaluate(RunAfterTestClassCallbacks.java:70)
	at org.junit.runners.ParentRunner.run(ParentRunner.java:363)
	at org.springframework.test.context.junit4.SpringJUnit4ClassRunner.run(SpringJUnit4ClassRunner.java:191)
	at org.apache.maven.surefire.junit4.JUnit4Provider.execute(JUnit4Provider.java:283)
	at org.apache.maven.surefire.junit4.JUnit4Provider.executeWithRerun(JUnit4Provider.java:173)
	at org.apache.maven.surefire.junit4.JUnit4Provider.executeTestSet(JUnit4Provider.java:153)
	at org.apache.maven.surefire.junit4.JUnit4Provider.invoke(JUnit4Provider.java:128)
	at org.apache.maven.surefire.booter.ForkedBooter.invokeProviderInSameClassLoader(ForkedBooter.java:203)
	at org.apache.maven.surefire.booter.ForkedBooter.runSuitesInProcess(ForkedBooter.java:155)
	at org.apache.maven.surefire.booter.ForkedBooter.main(ForkedBooter.java:103)
Caused by: org.springframework.beans.factory.BeanDefinitionStoreException: Failed to read candidate component class: file [D:\Git\js\jeesite-web\src\main\webapp\WEB-INF\classes\com\jeesite\modules\test\entity\TestData.class]; nested exception is java.lang.NoClassDefFoundError: Could not initialize class com.jeesite.common.mybatis.annotation.JoinTable$Type
	at org.springframework.context.annotation.ClassPathScanningCandidateComponentProvider.findCandidateComponents(ClassPathScanningCandidateComponentProvider.java:311)
	at org.springframework.context.annotation.ClassPathBeanDefinitionScanner.doScan(ClassPathBeanDefinitionScanner.java:272)
	at org.springframework.context.annotation.ComponentScanAnnotationParser.parse(ComponentScanAnnotationParser.java:135)
	at org.springframework.context.annotation.ConfigurationClassParser.doProcessConfigurationClass(ConfigurationClassParser.java:287)
	at org.springframework.context.annotation.ConfigurationClassParser.processConfigurationClass(ConfigurationClassParser.java:245)
	at org.springframework.context.annotation.ConfigurationClassParser.parse(ConfigurationClassParser.java:198)
	at org.springframework.context.annotation.ConfigurationClassParser.parse(ConfigurationClassParser.java:167)
	at org.springframework.context.annotation.ConfigurationClassPostProcessor.processConfigBeanDefinitions(ConfigurationClassPostProcessor.java:308)
	at org.springframework.context.annotation.ConfigurationClassPostProcessor.postProcessBeanDefinitionRegistry(ConfigurationClassPostProcessor.java:228)
	at org.springframework.context.support.PostProcessorRegistrationDelegate.invokeBeanDefinitionRegistryPostProcessors(PostProcessorRegistrationDelegate.java:272)
	at org.springframework.context.support.PostProcessorRegistrationDelegate.invokeBeanFactoryPostProcessors(PostProcessorRegistrationDelegate.java:92)
	at org.springframework.context.support.AbstractApplicationContext.invokeBeanFactoryPostProcessors(AbstractApplicationContext.java:687)
	at org.springframework.context.support.AbstractApplicationContext.refresh(AbstractApplicationContext.java:525)
	at org.springframework.boot.SpringApplication.refresh(SpringApplication.java:693)
	at org.springframework.boot.SpringApplication.refreshContext(SpringApplication.java:360)
	at org.springframework.boot.SpringApplication.run(SpringApplication.java:303)
	at org.springframework.boot.test.context.SpringBootContextLoader.loadContext(SpringBootContextLoader.java:120)
	at org.springframework.test.context.cache.DefaultCacheAwareContextLoaderDelegate.loadContextInternal(DefaultCacheAwareContextLoaderDelegate.java:98)
	at org.springframework.test.context.cache.DefaultCacheAwareContextLoaderDelegate.loadContext(DefaultCacheAwareContextLoaderDelegate.java:116)
	... 26 common frames omitted
Caused by: java.lang.NoClassDefFoundError: Could not initialize class com.jeesite.common.mybatis.annotation.JoinTable$Type
	at sun.reflect.NativeMethodAccessorImpl.invoke0(Native Method)
	at sun.reflect.NativeMethodAccessorImpl.invoke(NativeMethodAccessorImpl.java:62)
	at sun.reflect.DelegatingMethodAccessorImpl.invoke(DelegatingMethodAccessorImpl.java:43)
	at java.lang.reflect.Method.invoke(Method.java:498)
	at java.lang.Class.getEnumConstantsShared(Class.java:3320)
	at java.lang.Class.enumConstantDirectory(Class.java:3341)
	at java.lang.Enum.valueOf(Enum.java:232)
	at sun.reflect.annotation.AnnotationParser.parseEnumValue(AnnotationParser.java:483)
	at sun.reflect.annotation.AnnotationParser.parseMemberValue(AnnotationParser.java:347)
	at java.lang.reflect.Method.getDefaultValue(Method.java:606)
	at org.springframework.core.annotation.AnnotationUtils.registerDefaultValues(AnnotationUtils.java:1178)
	at org.springframework.core.type.classreading.RecursiveAnnotationAttributesVisitor.visitEnd(RecursiveAnnotationAttributesVisitor.java:42)
	at org.springframework.asm.ClassReader.readAnnotationValues(ClassReader.java:2020)
	at org.springframework.asm.ClassReader.readAnnotationValue(ClassReader.java:2095)
	at org.springframework.asm.ClassReader.readAnnotationValues(ClassReader.java:2016)
	at org.springframework.asm.ClassReader.readAnnotationValue(ClassReader.java:2181)
	at org.springframework.asm.ClassReader.readAnnotationValues(ClassReader.java:2012)
	at org.springframework.asm.ClassReader.accept(ClassReader.java:676)
	at org.springframework.asm.ClassReader.accept(ClassReader.java:527)
	at org.springframework.core.type.classreading.SimpleMetadataReader.<init>(SimpleMetadataReader.java:64)
	at org.springframework.core.type.classreading.SimpleMetadataReaderFactory.getMetadataReader(SimpleMetadataReaderFactory.java:102)
	at org.springframework.core.type.classreading.CachingMetadataReaderFactory.getMetadataReader(CachingMetadataReaderFactory.java:102)
	at org.springframework.context.annotation.ClassPathScanningCandidateComponentProvider.findCandidateComponents(ClassPathScanningCandidateComponentProvider.java:287)
	... 44 common frames omitted
